[2025-08-17T14:08:57.830+0200] {local_task_job_runner.py:120} INFO - ::group::Pre task execution logs
[2025-08-17T14:08:57.852+0200] {taskinstance.py:2076} INFO - Dependencies all met for dep_context=non-requeueable deps ti=<TaskInstance: velib_data_pipeline.fetch_station_status scheduled__2025-08-17T11:45:00+00:00 [queued]>
[2025-08-17T14:08:57.857+0200] {taskinstance.py:2076} INFO - Dependencies all met for dep_context=requeueable deps ti=<TaskInstance: velib_data_pipeline.fetch_station_status scheduled__2025-08-17T11:45:00+00:00 [queued]>
[2025-08-17T14:08:57.858+0200] {taskinstance.py:2306} INFO - Starting attempt 1 of 2
[2025-08-17T14:08:57.880+0200] {taskinstance.py:2330} INFO - Executing <Task(BashOperator): fetch_station_status> on 2025-08-17 11:45:00+00:00
[2025-08-17T14:08:57.882+0200] {standard_task_runner.py:64} INFO - Started process 31086 to run task
[2025-08-17T14:08:57.886+0200] {standard_task_runner.py:90} INFO - Running: ['airflow', 'tasks', 'run', 'velib_data_pipeline', 'fetch_station_status', 'scheduled__2025-08-17T11:45:00+00:00', '--job-id', '2', '--raw', '--subdir', 'DAGS_FOLDER/velib_data_pipeline.py', '--cfg-path', '/tmp/tmpgwuasii6']
[2025-08-17T14:08:57.888+0200] {standard_task_runner.py:91} INFO - Job 2: Subtask fetch_station_status
[2025-08-17T14:08:57.926+0200] {task_command.py:426} INFO - Running <TaskInstance: velib_data_pipeline.fetch_station_status scheduled__2025-08-17T11:45:00+00:00 [running]> on host raspberrypi
[2025-08-17T14:08:57.991+0200] {taskinstance.py:2648} INFO - Exporting env vars: AIRFLOW_CTX_DAG_OWNER='Allister Kohn' AIRFLOW_CTX_DAG_ID='velib_data_pipeline' AIRFLOW_CTX_TASK_ID='fetch_station_status' AIRFLOW_CTX_EXECUTION_DATE='2025-08-17T11:45:00+00:00' AIRFLOW_CTX_TRY_NUMBER='1' AIRFLOW_CTX_DAG_RUN_ID='scheduled__2025-08-17T11:45:00+00:00'
[2025-08-17T14:08:57.992+0200] {taskinstance.py:430} INFO - ::endgroup::
[2025-08-17T14:08:58.003+0200] {subprocess.py:63} INFO - Tmp dir root location: /tmp
[2025-08-17T14:08:58.003+0200] {subprocess.py:75} INFO - Running command: ['/usr/bin/bash', '-c', '/home/allisterkohn/.pyenv/versions/velib_env/bin/python src/fetch_velib_data.py']
[2025-08-17T14:08:58.008+0200] {subprocess.py:86} INFO - Output:
[2025-08-17T14:08:58.475+0200] {subprocess.py:93} INFO - 2025-08-17 14:08:58,475 - INFO - STARTED FETCHING STATION STATUS...
[2025-08-17T14:08:58.475+0200] {subprocess.py:93} INFO - 2025-08-17 14:08:58,475 - INFO - Folder path status = /home/allisterkohn/Desktop/velib-data-airflow/data/station_status
[2025-08-17T14:08:58.475+0200] {subprocess.py:93} INFO - 2025-08-17 14:08:58,475 - INFO - Folder path info = /home/allisterkohn/Desktop/velib-data-airflow/data/station_info
[2025-08-17T14:08:58.475+0200] {subprocess.py:93} INFO - 2025-08-17 14:08:58,475 - INFO - Fetching station information
[2025-08-17T14:08:58.673+0200] {subprocess.py:93} INFO - 2025-08-17 14:08:58,673 - INFO - Station info saved in /home/allisterkohn/Desktop/velib-data-airflow/data/station_info/station_info/velib_station_info.csv
[2025-08-17T14:08:58.675+0200] {subprocess.py:93} INFO - 2025-08-17 14:08:58,675 - INFO - Fetching station status
[2025-08-17T14:08:58.954+0200] {subprocess.py:93} INFO - 2025-08-17 14:08:58,954 - INFO - Data saved in /home/allisterkohn/Desktop/velib-data-airflow/data/station_status/raw/2025/08/17/velib_data_2025-08-17_14-08-00.csv
[2025-08-17T14:08:58.956+0200] {subprocess.py:93} INFO - 2025-08-17 14:08:58,956 - INFO - FETCHING STATION STATUS COMPLETED
[2025-08-17T14:08:59.098+0200] {subprocess.py:97} INFO - Command exited with return code 0
[2025-08-17T14:08:59.099+0200] {taskinstance.py:441} INFO - ::group::Post task execution logs
[2025-08-17T14:08:59.116+0200] {taskinstance.py:1206} INFO - Marking task as SUCCESS. dag_id=velib_data_pipeline, task_id=fetch_station_status, run_id=scheduled__2025-08-17T11:45:00+00:00, execution_date=20250817T114500, start_date=20250817T120857, end_date=20250817T120859
[2025-08-17T14:08:59.221+0200] {local_task_job_runner.py:243} INFO - Task exited with return code 0
[2025-08-17T14:08:59.232+0200] {taskinstance.py:3503} INFO - 1 downstream tasks scheduled from follow-on schedule check
[2025-08-17T14:08:59.243+0200] {local_task_job_runner.py:222} INFO - ::endgroup::
