[2025-08-17T14:15:07.526+0200] {local_task_job_runner.py:120} INFO - ::group::Pre task execution logs
[2025-08-17T14:15:07.548+0200] {taskinstance.py:2076} INFO - Dependencies all met for dep_context=non-requeueable deps ti=<TaskInstance: velib_data_pipeline.enrich_station_info_data scheduled__2025-08-17T12:00:00+00:00 [queued]>
[2025-08-17T14:15:07.555+0200] {taskinstance.py:2076} INFO - Dependencies all met for dep_context=requeueable deps ti=<TaskInstance: velib_data_pipeline.enrich_station_info_data scheduled__2025-08-17T12:00:00+00:00 [queued]>
[2025-08-17T14:15:07.556+0200] {taskinstance.py:2306} INFO - Starting attempt 1 of 2
[2025-08-17T14:15:07.589+0200] {taskinstance.py:2330} INFO - Executing <Task(BashOperator): enrich_station_info_data> on 2025-08-17 12:00:00+00:00
[2025-08-17T14:15:07.591+0200] {standard_task_runner.py:64} INFO - Started process 38791 to run task
[2025-08-17T14:15:07.597+0200] {standard_task_runner.py:90} INFO - Running: ['airflow', 'tasks', 'run', 'velib_data_pipeline', 'enrich_station_info_data', 'scheduled__2025-08-17T12:00:00+00:00', '--job-id', '7', '--raw', '--subdir', 'DAGS_FOLDER/velib_data_pipeline.py', '--cfg-path', '/tmp/tmpdvfhy6ux']
[2025-08-17T14:15:07.604+0200] {standard_task_runner.py:91} INFO - Job 7: Subtask enrich_station_info_data
[2025-08-17T14:15:07.650+0200] {task_command.py:426} INFO - Running <TaskInstance: velib_data_pipeline.enrich_station_info_data scheduled__2025-08-17T12:00:00+00:00 [running]> on host raspberrypi
[2025-08-17T14:15:07.725+0200] {taskinstance.py:2648} INFO - Exporting env vars: AIRFLOW_CTX_DAG_OWNER='Allister Kohn' AIRFLOW_CTX_DAG_ID='velib_data_pipeline' AIRFLOW_CTX_TASK_ID='enrich_station_info_data' AIRFLOW_CTX_EXECUTION_DATE='2025-08-17T12:00:00+00:00' AIRFLOW_CTX_TRY_NUMBER='1' AIRFLOW_CTX_DAG_RUN_ID='scheduled__2025-08-17T12:00:00+00:00'
[2025-08-17T14:15:07.725+0200] {taskinstance.py:430} INFO - ::endgroup::
[2025-08-17T14:15:07.737+0200] {subprocess.py:63} INFO - Tmp dir root location: /tmp
[2025-08-17T14:15:07.738+0200] {subprocess.py:75} INFO - Running command: ['/usr/bin/bash', '-c', '/home/allisterkohn/.pyenv/versions/velib_env/bin/python src/enrich_velib_station_info.py']
[2025-08-17T14:15:07.743+0200] {subprocess.py:86} INFO - Output:
[2025-08-17T14:15:08.341+0200] {subprocess.py:93} INFO - 2025-08-17 14:15:08,341 - INFO - Geodata found in /home/allisterkohn/Desktop/velib-data-airflow/data/others
[2025-08-17T14:15:08.567+0200] {subprocess.py:93} INFO - 2025-08-17 14:15:08,567 - WARNING - Skipping field reg_code: unsupported OGR type: 5
[2025-08-17T14:15:08.568+0200] {subprocess.py:93} INFO - 2025-08-17 14:15:08,567 - WARNING - Skipping field reg_name: unsupported OGR type: 5
[2025-08-17T14:15:08.568+0200] {subprocess.py:93} INFO - 2025-08-17 14:15:08,567 - WARNING - Skipping field dep_code: unsupported OGR type: 5
[2025-08-17T14:15:08.568+0200] {subprocess.py:93} INFO - 2025-08-17 14:15:08,567 - WARNING - Skipping field dep_name: unsupported OGR type: 5
[2025-08-17T14:15:08.568+0200] {subprocess.py:93} INFO - 2025-08-17 14:15:08,567 - WARNING - Skipping field arrdep_code: unsupported OGR type: 5
[2025-08-17T14:15:08.568+0200] {subprocess.py:93} INFO - 2025-08-17 14:15:08,567 - WARNING - Skipping field arrdep_name: unsupported OGR type: 5
[2025-08-17T14:15:08.568+0200] {subprocess.py:93} INFO - 2025-08-17 14:15:08,567 - WARNING - Skipping field ze2020_code: unsupported OGR type: 5
[2025-08-17T14:15:08.568+0200] {subprocess.py:93} INFO - 2025-08-17 14:15:08,568 - WARNING - Skipping field ze2020_name: unsupported OGR type: 5
[2025-08-17T14:15:08.568+0200] {subprocess.py:93} INFO - 2025-08-17 14:15:08,568 - WARNING - Skipping field bv2022_code: unsupported OGR type: 5
[2025-08-17T14:15:08.568+0200] {subprocess.py:93} INFO - 2025-08-17 14:15:08,568 - WARNING - Skipping field bv2022_name: unsupported OGR type: 5
[2025-08-17T14:15:08.569+0200] {subprocess.py:93} INFO - 2025-08-17 14:15:08,568 - WARNING - Skipping field epci_code: unsupported OGR type: 5
[2025-08-17T14:15:08.569+0200] {subprocess.py:93} INFO - 2025-08-17 14:15:08,568 - WARNING - Skipping field epci_name: unsupported OGR type: 5
[2025-08-17T14:15:08.569+0200] {subprocess.py:93} INFO - 2025-08-17 14:15:08,568 - WARNING - Skipping field ept_code: unsupported OGR type: 5
[2025-08-17T14:15:08.569+0200] {subprocess.py:93} INFO - 2025-08-17 14:15:08,568 - WARNING - Skipping field ept_name: unsupported OGR type: 5
[2025-08-17T14:15:08.569+0200] {subprocess.py:93} INFO - 2025-08-17 14:15:08,568 - WARNING - Skipping field com_code: unsupported OGR type: 5
[2025-08-17T14:15:08.569+0200] {subprocess.py:93} INFO - 2025-08-17 14:15:08,568 - WARNING - Skipping field com_current_code: unsupported OGR type: 5
[2025-08-17T14:15:08.569+0200] {subprocess.py:93} INFO - 2025-08-17 14:15:08,568 - WARNING - Skipping field com_name: unsupported OGR type: 5
[2025-08-17T14:15:09.102+0200] {subprocess.py:97} INFO - Command exited with return code 0
[2025-08-17T14:15:09.103+0200] {taskinstance.py:441} INFO - ::group::Post task execution logs
[2025-08-17T14:15:09.125+0200] {taskinstance.py:1206} INFO - Marking task as SUCCESS. dag_id=velib_data_pipeline, task_id=enrich_station_info_data, run_id=scheduled__2025-08-17T12:00:00+00:00, execution_date=20250817T120000, start_date=20250817T121507, end_date=20250817T121509
[2025-08-17T14:15:09.177+0200] {local_task_job_runner.py:243} INFO - Task exited with return code 0
[2025-08-17T14:15:09.193+0200] {taskinstance.py:3503} INFO - 0 downstream tasks scheduled from follow-on schedule check
[2025-08-17T14:15:09.194+0200] {local_task_job_runner.py:222} INFO - ::endgroup::
[2025-08-17T14:27:41.683+0200] {local_task_job_runner.py:120} INFO - ::group::Pre task execution logs
[2025-08-17T14:27:41.707+0200] {taskinstance.py:2076} INFO - Dependencies all met for dep_context=non-requeueable deps ti=<TaskInstance: velib_data_pipeline.enrich_station_info_data scheduled__2025-08-17T12:00:00+00:00 [queued]>
[2025-08-17T14:27:41.712+0200] {taskinstance.py:2076} INFO - Dependencies all met for dep_context=requeueable deps ti=<TaskInstance: velib_data_pipeline.enrich_station_info_data scheduled__2025-08-17T12:00:00+00:00 [queued]>
[2025-08-17T14:27:41.713+0200] {taskinstance.py:2306} INFO - Starting attempt 1 of 2
[2025-08-17T14:27:41.740+0200] {taskinstance.py:2330} INFO - Executing <Task(BashOperator): enrich_station_info_data> on 2025-08-17 12:00:00+00:00
[2025-08-17T14:27:41.743+0200] {standard_task_runner.py:64} INFO - Started process 50677 to run task
[2025-08-17T14:27:41.747+0200] {standard_task_runner.py:90} INFO - Running: ['airflow', 'tasks', 'run', 'velib_data_pipeline', 'enrich_station_info_data', 'scheduled__2025-08-17T12:00:00+00:00', '--job-id', '14', '--raw', '--subdir', 'DAGS_FOLDER/velib_data_pipeline.py', '--cfg-path', '/tmp/tmpysiqfi4y']
[2025-08-17T14:27:41.748+0200] {standard_task_runner.py:91} INFO - Job 14: Subtask enrich_station_info_data
[2025-08-17T14:27:41.783+0200] {task_command.py:426} INFO - Running <TaskInstance: velib_data_pipeline.enrich_station_info_data scheduled__2025-08-17T12:00:00+00:00 [running]> on host raspberrypi
[2025-08-17T14:27:41.847+0200] {taskinstance.py:2648} INFO - Exporting env vars: AIRFLOW_CTX_DAG_OWNER='Allister Kohn' AIRFLOW_CTX_DAG_ID='velib_data_pipeline' AIRFLOW_CTX_TASK_ID='enrich_station_info_data' AIRFLOW_CTX_EXECUTION_DATE='2025-08-17T12:00:00+00:00' AIRFLOW_CTX_TRY_NUMBER='1' AIRFLOW_CTX_DAG_RUN_ID='scheduled__2025-08-17T12:00:00+00:00'
[2025-08-17T14:27:41.848+0200] {taskinstance.py:430} INFO - ::endgroup::
[2025-08-17T14:27:41.859+0200] {subprocess.py:63} INFO - Tmp dir root location: /tmp
[2025-08-17T14:27:41.859+0200] {subprocess.py:75} INFO - Running command: ['/usr/bin/bash', '-c', '/home/allisterkohn/.pyenv/versions/velib_env/bin/python src/enrich_velib_station_info.py']
[2025-08-17T14:27:41.864+0200] {subprocess.py:86} INFO - Output:
[2025-08-17T14:27:42.379+0200] {subprocess.py:93} INFO - 2025-08-17 14:27:42,379 - INFO - Geodata found in /home/allisterkohn/Desktop/velib-data-airflow/data/others
[2025-08-17T14:27:42.620+0200] {subprocess.py:93} INFO - 2025-08-17 14:27:42,619 - WARNING - Skipping field reg_code: unsupported OGR type: 5
[2025-08-17T14:27:42.620+0200] {subprocess.py:93} INFO - 2025-08-17 14:27:42,620 - WARNING - Skipping field reg_name: unsupported OGR type: 5
[2025-08-17T14:27:42.620+0200] {subprocess.py:93} INFO - 2025-08-17 14:27:42,620 - WARNING - Skipping field dep_code: unsupported OGR type: 5
[2025-08-17T14:27:42.620+0200] {subprocess.py:93} INFO - 2025-08-17 14:27:42,620 - WARNING - Skipping field dep_name: unsupported OGR type: 5
[2025-08-17T14:27:42.621+0200] {subprocess.py:93} INFO - 2025-08-17 14:27:42,620 - WARNING - Skipping field arrdep_code: unsupported OGR type: 5
[2025-08-17T14:27:42.621+0200] {subprocess.py:93} INFO - 2025-08-17 14:27:42,620 - WARNING - Skipping field arrdep_name: unsupported OGR type: 5
[2025-08-17T14:27:42.621+0200] {subprocess.py:93} INFO - 2025-08-17 14:27:42,620 - WARNING - Skipping field ze2020_code: unsupported OGR type: 5
[2025-08-17T14:27:42.621+0200] {subprocess.py:93} INFO - 2025-08-17 14:27:42,620 - WARNING - Skipping field ze2020_name: unsupported OGR type: 5
[2025-08-17T14:27:42.621+0200] {subprocess.py:93} INFO - 2025-08-17 14:27:42,620 - WARNING - Skipping field bv2022_code: unsupported OGR type: 5
[2025-08-17T14:27:42.621+0200] {subprocess.py:93} INFO - 2025-08-17 14:27:42,620 - WARNING - Skipping field bv2022_name: unsupported OGR type: 5
[2025-08-17T14:27:42.621+0200] {subprocess.py:93} INFO - 2025-08-17 14:27:42,620 - WARNING - Skipping field epci_code: unsupported OGR type: 5
[2025-08-17T14:27:42.621+0200] {subprocess.py:93} INFO - 2025-08-17 14:27:42,620 - WARNING - Skipping field epci_name: unsupported OGR type: 5
[2025-08-17T14:27:42.621+0200] {subprocess.py:93} INFO - 2025-08-17 14:27:42,620 - WARNING - Skipping field ept_code: unsupported OGR type: 5
[2025-08-17T14:27:42.621+0200] {subprocess.py:93} INFO - 2025-08-17 14:27:42,620 - WARNING - Skipping field ept_name: unsupported OGR type: 5
[2025-08-17T14:27:42.621+0200] {subprocess.py:93} INFO - 2025-08-17 14:27:42,620 - WARNING - Skipping field com_code: unsupported OGR type: 5
[2025-08-17T14:27:42.621+0200] {subprocess.py:93} INFO - 2025-08-17 14:27:42,620 - WARNING - Skipping field com_current_code: unsupported OGR type: 5
[2025-08-17T14:27:42.621+0200] {subprocess.py:93} INFO - 2025-08-17 14:27:42,620 - WARNING - Skipping field com_name: unsupported OGR type: 5
[2025-08-17T14:27:43.136+0200] {subprocess.py:97} INFO - Command exited with return code 0
[2025-08-17T14:27:43.136+0200] {taskinstance.py:441} INFO - ::group::Post task execution logs
[2025-08-17T14:27:43.156+0200] {taskinstance.py:1206} INFO - Marking task as SUCCESS. dag_id=velib_data_pipeline, task_id=enrich_station_info_data, run_id=scheduled__2025-08-17T12:00:00+00:00, execution_date=20250817T120000, start_date=20250817T122741, end_date=20250817T122743
[2025-08-17T14:27:43.203+0200] {local_task_job_runner.py:243} INFO - Task exited with return code 0
[2025-08-17T14:27:43.211+0200] {taskinstance.py:3503} INFO - 0 downstream tasks scheduled from follow-on schedule check
[2025-08-17T14:27:43.212+0200] {local_task_job_runner.py:222} INFO - ::endgroup::
