[2025-08-17T14:09:08.506+0200] {local_task_job_runner.py:120} INFO - ::group::Pre task execution logs
[2025-08-17T14:09:08.530+0200] {taskinstance.py:2076} INFO - Dependencies all met for dep_context=non-requeueable deps ti=<TaskInstance: velib_data_pipeline.enrich_station_info_data manual__2025-08-17T12:08:55.142560+00:00 [queued]>
[2025-08-17T14:09:08.535+0200] {taskinstance.py:2076} INFO - Dependencies all met for dep_context=requeueable deps ti=<TaskInstance: velib_data_pipeline.enrich_station_info_data manual__2025-08-17T12:08:55.142560+00:00 [queued]>
[2025-08-17T14:09:08.536+0200] {taskinstance.py:2306} INFO - Starting attempt 1 of 2
[2025-08-17T14:09:08.560+0200] {taskinstance.py:2330} INFO - Executing <Task(BashOperator): enrich_station_info_data> on 2025-08-17 12:08:55.142560+00:00
[2025-08-17T14:09:08.562+0200] {standard_task_runner.py:64} INFO - Started process 31266 to run task
[2025-08-17T14:09:08.566+0200] {standard_task_runner.py:90} INFO - Running: ['airflow', 'tasks', 'run', 'velib_data_pipeline', 'enrich_station_info_data', 'manual__2025-08-17T12:08:55.142560+00:00', '--job-id', '5', '--raw', '--subdir', 'DAGS_FOLDER/velib_data_pipeline.py', '--cfg-path', '/tmp/tmp8y5t6rb2']
[2025-08-17T14:09:08.568+0200] {standard_task_runner.py:91} INFO - Job 5: Subtask enrich_station_info_data
[2025-08-17T14:09:08.602+0200] {task_command.py:426} INFO - Running <TaskInstance: velib_data_pipeline.enrich_station_info_data manual__2025-08-17T12:08:55.142560+00:00 [running]> on host raspberrypi
[2025-08-17T14:09:08.673+0200] {taskinstance.py:2648} INFO - Exporting env vars: AIRFLOW_CTX_DAG_OWNER='Allister Kohn' AIRFLOW_CTX_DAG_ID='velib_data_pipeline' AIRFLOW_CTX_TASK_ID='enrich_station_info_data' AIRFLOW_CTX_EXECUTION_DATE='2025-08-17T12:08:55.142560+00:00' AIRFLOW_CTX_TRY_NUMBER='1' AIRFLOW_CTX_DAG_RUN_ID='manual__2025-08-17T12:08:55.142560+00:00'
[2025-08-17T14:09:08.674+0200] {taskinstance.py:430} INFO - ::endgroup::
[2025-08-17T14:09:08.685+0200] {subprocess.py:63} INFO - Tmp dir root location: /tmp
[2025-08-17T14:09:08.685+0200] {subprocess.py:75} INFO - Running command: ['/usr/bin/bash', '-c', '/home/allisterkohn/.pyenv/versions/velib_env/bin/python src/enrich_velib_station_info.py']
[2025-08-17T14:09:08.690+0200] {subprocess.py:86} INFO - Output:
[2025-08-17T14:09:09.194+0200] {subprocess.py:93} INFO - 2025-08-17 14:09:09,193 - INFO - Geodata found in /home/allisterkohn/Desktop/velib-data-airflow/data/others
[2025-08-17T14:09:09.418+0200] {subprocess.py:93} INFO - 2025-08-17 14:09:09,418 - WARNING - Skipping field reg_code: unsupported OGR type: 5
[2025-08-17T14:09:09.418+0200] {subprocess.py:93} INFO - 2025-08-17 14:09:09,418 - WARNING - Skipping field reg_name: unsupported OGR type: 5
[2025-08-17T14:09:09.418+0200] {subprocess.py:93} INFO - 2025-08-17 14:09:09,418 - WARNING - Skipping field dep_code: unsupported OGR type: 5
[2025-08-17T14:09:09.418+0200] {subprocess.py:93} INFO - 2025-08-17 14:09:09,418 - WARNING - Skipping field dep_name: unsupported OGR type: 5
[2025-08-17T14:09:09.419+0200] {subprocess.py:93} INFO - 2025-08-17 14:09:09,418 - WARNING - Skipping field arrdep_code: unsupported OGR type: 5
[2025-08-17T14:09:09.419+0200] {subprocess.py:93} INFO - 2025-08-17 14:09:09,418 - WARNING - Skipping field arrdep_name: unsupported OGR type: 5
[2025-08-17T14:09:09.419+0200] {subprocess.py:93} INFO - 2025-08-17 14:09:09,418 - WARNING - Skipping field ze2020_code: unsupported OGR type: 5
[2025-08-17T14:09:09.419+0200] {subprocess.py:93} INFO - 2025-08-17 14:09:09,418 - WARNING - Skipping field ze2020_name: unsupported OGR type: 5
[2025-08-17T14:09:09.419+0200] {subprocess.py:93} INFO - 2025-08-17 14:09:09,418 - WARNING - Skipping field bv2022_code: unsupported OGR type: 5
[2025-08-17T14:09:09.419+0200] {subprocess.py:93} INFO - 2025-08-17 14:09:09,418 - WARNING - Skipping field bv2022_name: unsupported OGR type: 5
[2025-08-17T14:09:09.419+0200] {subprocess.py:93} INFO - 2025-08-17 14:09:09,418 - WARNING - Skipping field epci_code: unsupported OGR type: 5
[2025-08-17T14:09:09.419+0200] {subprocess.py:93} INFO - 2025-08-17 14:09:09,418 - WARNING - Skipping field epci_name: unsupported OGR type: 5
[2025-08-17T14:09:09.419+0200] {subprocess.py:93} INFO - 2025-08-17 14:09:09,418 - WARNING - Skipping field ept_code: unsupported OGR type: 5
[2025-08-17T14:09:09.419+0200] {subprocess.py:93} INFO - 2025-08-17 14:09:09,418 - WARNING - Skipping field ept_name: unsupported OGR type: 5
[2025-08-17T14:09:09.419+0200] {subprocess.py:93} INFO - 2025-08-17 14:09:09,418 - WARNING - Skipping field com_code: unsupported OGR type: 5
[2025-08-17T14:09:09.419+0200] {subprocess.py:93} INFO - 2025-08-17 14:09:09,418 - WARNING - Skipping field com_current_code: unsupported OGR type: 5
[2025-08-17T14:09:09.419+0200] {subprocess.py:93} INFO - 2025-08-17 14:09:09,418 - WARNING - Skipping field com_name: unsupported OGR type: 5
[2025-08-17T14:09:09.919+0200] {subprocess.py:97} INFO - Command exited with return code 0
[2025-08-17T14:09:09.920+0200] {taskinstance.py:441} INFO - ::group::Post task execution logs
[2025-08-17T14:09:09.937+0200] {taskinstance.py:1206} INFO - Marking task as SUCCESS. dag_id=velib_data_pipeline, task_id=enrich_station_info_data, run_id=manual__2025-08-17T12:08:55.142560+00:00, execution_date=20250817T120855, start_date=20250817T120908, end_date=20250817T120909
[2025-08-17T14:09:09.983+0200] {local_task_job_runner.py:243} INFO - Task exited with return code 0
[2025-08-17T14:09:09.993+0200] {taskinstance.py:3503} INFO - 0 downstream tasks scheduled from follow-on schedule check
[2025-08-17T14:09:09.994+0200] {local_task_job_runner.py:222} INFO - ::endgroup::
