[2025-08-17T14:09:04.930+0200] {local_task_job_runner.py:120} INFO - ::group::Pre task execution logs
[2025-08-17T14:09:04.959+0200] {taskinstance.py:2076} INFO - Dependencies all met for dep_context=non-requeueable deps ti=<TaskInstance: velib_data_pipeline.enrich_station_info_data scheduled__2025-08-17T11:45:00+00:00 [queued]>
[2025-08-17T14:09:04.967+0200] {taskinstance.py:2076} INFO - Dependencies all met for dep_context=requeueable deps ti=<TaskInstance: velib_data_pipeline.enrich_station_info_data scheduled__2025-08-17T11:45:00+00:00 [queued]>
[2025-08-17T14:09:04.967+0200] {taskinstance.py:2306} INFO - Starting attempt 1 of 2
[2025-08-17T14:09:05.013+0200] {taskinstance.py:2330} INFO - Executing <Task(BashOperator): enrich_station_info_data> on 2025-08-17 11:45:00+00:00
[2025-08-17T14:09:05.016+0200] {standard_task_runner.py:64} INFO - Started process 31202 to run task
[2025-08-17T14:09:05.020+0200] {standard_task_runner.py:90} INFO - Running: ['airflow', 'tasks', 'run', 'velib_data_pipeline', 'enrich_station_info_data', 'scheduled__2025-08-17T11:45:00+00:00', '--job-id', '4', '--raw', '--subdir', 'DAGS_FOLDER/velib_data_pipeline.py', '--cfg-path', '/tmp/tmpi5vchy_f']
[2025-08-17T14:09:05.021+0200] {standard_task_runner.py:91} INFO - Job 4: Subtask enrich_station_info_data
[2025-08-17T14:09:05.058+0200] {task_command.py:426} INFO - Running <TaskInstance: velib_data_pipeline.enrich_station_info_data scheduled__2025-08-17T11:45:00+00:00 [running]> on host raspberrypi
[2025-08-17T14:09:05.166+0200] {taskinstance.py:2648} INFO - Exporting env vars: AIRFLOW_CTX_DAG_OWNER='Allister Kohn' AIRFLOW_CTX_DAG_ID='velib_data_pipeline' AIRFLOW_CTX_TASK_ID='enrich_station_info_data' AIRFLOW_CTX_EXECUTION_DATE='2025-08-17T11:45:00+00:00' AIRFLOW_CTX_TRY_NUMBER='1' AIRFLOW_CTX_DAG_RUN_ID='scheduled__2025-08-17T11:45:00+00:00'
[2025-08-17T14:09:05.167+0200] {taskinstance.py:430} INFO - ::endgroup::
[2025-08-17T14:09:05.180+0200] {subprocess.py:63} INFO - Tmp dir root location: /tmp
[2025-08-17T14:09:05.180+0200] {subprocess.py:75} INFO - Running command: ['/usr/bin/bash', '-c', '/home/allisterkohn/.pyenv/versions/velib_env/bin/python src/enrich_velib_station_info.py']
[2025-08-17T14:09:05.186+0200] {subprocess.py:86} INFO - Output:
[2025-08-17T14:09:05.730+0200] {subprocess.py:93} INFO - 2025-08-17 14:09:05,730 - INFO - Geodata found in /home/allisterkohn/Desktop/velib-data-airflow/data/others
[2025-08-17T14:09:05.964+0200] {subprocess.py:93} INFO - 2025-08-17 14:09:05,961 - WARNING - Skipping field reg_code: unsupported OGR type: 5
[2025-08-17T14:09:05.964+0200] {subprocess.py:93} INFO - 2025-08-17 14:09:05,961 - WARNING - Skipping field reg_name: unsupported OGR type: 5
[2025-08-17T14:09:05.964+0200] {subprocess.py:93} INFO - 2025-08-17 14:09:05,961 - WARNING - Skipping field dep_code: unsupported OGR type: 5
[2025-08-17T14:09:05.964+0200] {subprocess.py:93} INFO - 2025-08-17 14:09:05,961 - WARNING - Skipping field dep_name: unsupported OGR type: 5
[2025-08-17T14:09:05.965+0200] {subprocess.py:93} INFO - 2025-08-17 14:09:05,961 - WARNING - Skipping field arrdep_code: unsupported OGR type: 5
[2025-08-17T14:09:05.965+0200] {subprocess.py:93} INFO - 2025-08-17 14:09:05,961 - WARNING - Skipping field arrdep_name: unsupported OGR type: 5
[2025-08-17T14:09:05.965+0200] {subprocess.py:93} INFO - 2025-08-17 14:09:05,961 - WARNING - Skipping field ze2020_code: unsupported OGR type: 5
[2025-08-17T14:09:05.965+0200] {subprocess.py:93} INFO - 2025-08-17 14:09:05,961 - WARNING - Skipping field ze2020_name: unsupported OGR type: 5
[2025-08-17T14:09:05.965+0200] {subprocess.py:93} INFO - 2025-08-17 14:09:05,962 - WARNING - Skipping field bv2022_code: unsupported OGR type: 5
[2025-08-17T14:09:05.965+0200] {subprocess.py:93} INFO - 2025-08-17 14:09:05,962 - WARNING - Skipping field bv2022_name: unsupported OGR type: 5
[2025-08-17T14:09:05.965+0200] {subprocess.py:93} INFO - 2025-08-17 14:09:05,962 - WARNING - Skipping field epci_code: unsupported OGR type: 5
[2025-08-17T14:09:05.965+0200] {subprocess.py:93} INFO - 2025-08-17 14:09:05,962 - WARNING - Skipping field epci_name: unsupported OGR type: 5
[2025-08-17T14:09:05.965+0200] {subprocess.py:93} INFO - 2025-08-17 14:09:05,962 - WARNING - Skipping field ept_code: unsupported OGR type: 5
[2025-08-17T14:09:05.965+0200] {subprocess.py:93} INFO - 2025-08-17 14:09:05,962 - WARNING - Skipping field ept_name: unsupported OGR type: 5
[2025-08-17T14:09:05.965+0200] {subprocess.py:93} INFO - 2025-08-17 14:09:05,962 - WARNING - Skipping field com_code: unsupported OGR type: 5
[2025-08-17T14:09:05.965+0200] {subprocess.py:93} INFO - 2025-08-17 14:09:05,962 - WARNING - Skipping field com_current_code: unsupported OGR type: 5
[2025-08-17T14:09:05.965+0200] {subprocess.py:93} INFO - 2025-08-17 14:09:05,962 - WARNING - Skipping field com_name: unsupported OGR type: 5
[2025-08-17T14:09:06.467+0200] {subprocess.py:97} INFO - Command exited with return code 0
[2025-08-17T14:09:06.468+0200] {taskinstance.py:441} INFO - ::group::Post task execution logs
[2025-08-17T14:09:06.487+0200] {taskinstance.py:1206} INFO - Marking task as SUCCESS. dag_id=velib_data_pipeline, task_id=enrich_station_info_data, run_id=scheduled__2025-08-17T11:45:00+00:00, execution_date=20250817T114500, start_date=20250817T120904, end_date=20250817T120906
[2025-08-17T14:09:06.515+0200] {local_task_job_runner.py:243} INFO - Task exited with return code 0
[2025-08-17T14:09:06.523+0200] {taskinstance.py:3503} INFO - 0 downstream tasks scheduled from follow-on schedule check
[2025-08-17T14:09:06.524+0200] {local_task_job_runner.py:222} INFO - ::endgroup::
