[2025-08-17T14:23:16.368+0200] {processor.py:161} INFO - Started process (PID=46872) to work on /home/allisterkohn/Desktop/velib-data-airflow/dags/push_all_raw_files_to_s3.py
[2025-08-17T14:23:16.369+0200] {processor.py:830} INFO - Processing file /home/allisterkohn/Desktop/velib-data-airflow/dags/push_all_raw_files_to_s3.py for tasks to queue
[2025-08-17T14:23:16.371+0200] {logging_mixin.py:188} INFO - [2025-08-17T14:23:16.371+0200] {dagbag.py:545} INFO - Filling up the DagBag from /home/allisterkohn/Desktop/velib-data-airflow/dags/push_all_raw_files_to_s3.py
[2025-08-17T14:23:16.383+0200] {processor.py:840} INFO - DAG(s) 'push_all_raw_files_to_s3' retrieved from /home/allisterkohn/Desktop/velib-data-airflow/dags/push_all_raw_files_to_s3.py
[2025-08-17T14:23:16.499+0200] {logging_mixin.py:188} INFO - [2025-08-17T14:23:16.499+0200] {override.py:1858} INFO - Created Permission View: can read on DAG:push_all_raw_files_to_s3
[2025-08-17T14:23:16.516+0200] {logging_mixin.py:188} INFO - [2025-08-17T14:23:16.516+0200] {override.py:1858} INFO - Created Permission View: can delete on DAG:push_all_raw_files_to_s3
[2025-08-17T14:23:16.527+0200] {logging_mixin.py:188} INFO - [2025-08-17T14:23:16.526+0200] {override.py:1858} INFO - Created Permission View: can edit on DAG:push_all_raw_files_to_s3
[2025-08-17T14:23:16.527+0200] {logging_mixin.py:188} INFO - [2025-08-17T14:23:16.527+0200] {dag.py:3089} INFO - Sync 1 DAGs
[2025-08-17T14:23:16.538+0200] {logging_mixin.py:188} INFO - [2025-08-17T14:23:16.538+0200] {dag.py:3111} INFO - Creating ORM DAG for push_all_raw_files_to_s3
[2025-08-17T14:23:16.547+0200] {logging_mixin.py:188} INFO - [2025-08-17T14:23:16.547+0200] {dag.py:3947} INFO - Setting next_dagrun for push_all_raw_files_to_s3 to 2025-08-16 00:00:00+00:00, run_after=2025-08-17 00:00:00+00:00
[2025-08-17T14:23:16.569+0200] {processor.py:183} INFO - Processing /home/allisterkohn/Desktop/velib-data-airflow/dags/push_all_raw_files_to_s3.py took 0.208 seconds
[2025-08-17T14:23:18.738+0200] {processor.py:161} INFO - Started process (PID=46909) to work on /home/allisterkohn/Desktop/velib-data-airflow/dags/push_all_raw_files_to_s3.py
[2025-08-17T14:23:18.739+0200] {processor.py:830} INFO - Processing file /home/allisterkohn/Desktop/velib-data-airflow/dags/push_all_raw_files_to_s3.py for tasks to queue
[2025-08-17T14:23:18.741+0200] {logging_mixin.py:188} INFO - [2025-08-17T14:23:18.741+0200] {dagbag.py:545} INFO - Filling up the DagBag from /home/allisterkohn/Desktop/velib-data-airflow/dags/push_all_raw_files_to_s3.py
[2025-08-17T14:23:18.753+0200] {processor.py:840} INFO - DAG(s) 'push_all_raw_files_to_s3' retrieved from /home/allisterkohn/Desktop/velib-data-airflow/dags/push_all_raw_files_to_s3.py
[2025-08-17T14:23:18.761+0200] {logging_mixin.py:188} INFO - [2025-08-17T14:23:18.760+0200] {dag.py:3089} INFO - Sync 1 DAGs
[2025-08-17T14:23:18.781+0200] {logging_mixin.py:188} INFO - [2025-08-17T14:23:18.781+0200] {dag.py:3947} INFO - Setting next_dagrun for push_all_raw_files_to_s3 to 2025-08-16 00:00:00+00:00, run_after=2025-08-17 00:00:00+00:00
[2025-08-17T14:23:18.812+0200] {processor.py:183} INFO - Processing /home/allisterkohn/Desktop/velib-data-airflow/dags/push_all_raw_files_to_s3.py took 0.080 seconds
[2025-08-17T14:23:20.406+0200] {processor.py:161} INFO - Started process (PID=46933) to work on /home/allisterkohn/Desktop/velib-data-airflow/dags/push_all_raw_files_to_s3.py
[2025-08-17T14:23:20.407+0200] {processor.py:830} INFO - Processing file /home/allisterkohn/Desktop/velib-data-airflow/dags/push_all_raw_files_to_s3.py for tasks to queue
[2025-08-17T14:23:20.409+0200] {logging_mixin.py:188} INFO - [2025-08-17T14:23:20.408+0200] {dagbag.py:545} INFO - Filling up the DagBag from /home/allisterkohn/Desktop/velib-data-airflow/dags/push_all_raw_files_to_s3.py
[2025-08-17T14:23:20.419+0200] {processor.py:840} INFO - DAG(s) 'push_all_raw_files_to_s3' retrieved from /home/allisterkohn/Desktop/velib-data-airflow/dags/push_all_raw_files_to_s3.py
[2025-08-17T14:23:20.425+0200] {logging_mixin.py:188} INFO - [2025-08-17T14:23:20.424+0200] {dag.py:3089} INFO - Sync 1 DAGs
[2025-08-17T14:23:20.442+0200] {logging_mixin.py:188} INFO - [2025-08-17T14:23:20.442+0200] {dag.py:3947} INFO - Setting next_dagrun for push_all_raw_files_to_s3 to 2025-08-16 00:00:00+00:00, run_after=2025-08-17 00:00:00+00:00
[2025-08-17T14:23:20.470+0200] {processor.py:183} INFO - Processing /home/allisterkohn/Desktop/velib-data-airflow/dags/push_all_raw_files_to_s3.py took 0.070 seconds
[2025-08-17T14:23:23.016+0200] {processor.py:161} INFO - Started process (PID=46970) to work on /home/allisterkohn/Desktop/velib-data-airflow/dags/push_all_raw_files_to_s3.py
[2025-08-17T14:23:23.017+0200] {processor.py:830} INFO - Processing file /home/allisterkohn/Desktop/velib-data-airflow/dags/push_all_raw_files_to_s3.py for tasks to queue
[2025-08-17T14:23:23.019+0200] {logging_mixin.py:188} INFO - [2025-08-17T14:23:23.018+0200] {dagbag.py:545} INFO - Filling up the DagBag from /home/allisterkohn/Desktop/velib-data-airflow/dags/push_all_raw_files_to_s3.py
[2025-08-17T14:23:23.029+0200] {processor.py:840} INFO - DAG(s) 'push_all_raw_files_to_s3' retrieved from /home/allisterkohn/Desktop/velib-data-airflow/dags/push_all_raw_files_to_s3.py
[2025-08-17T14:23:23.035+0200] {logging_mixin.py:188} INFO - [2025-08-17T14:23:23.035+0200] {dag.py:3089} INFO - Sync 1 DAGs
[2025-08-17T14:23:23.053+0200] {logging_mixin.py:188} INFO - [2025-08-17T14:23:23.053+0200] {dag.py:3947} INFO - Setting next_dagrun for push_all_raw_files_to_s3 to 2025-08-16 00:00:00+00:00, run_after=2025-08-17 00:00:00+00:00
[2025-08-17T14:23:23.081+0200] {processor.py:183} INFO - Processing /home/allisterkohn/Desktop/velib-data-airflow/dags/push_all_raw_files_to_s3.py took 0.070 seconds
[2025-08-17T14:23:34.035+0200] {processor.py:161} INFO - Started process (PID=47117) to work on /home/allisterkohn/Desktop/velib-data-airflow/dags/push_all_raw_files_to_s3.py
[2025-08-17T14:23:34.036+0200] {processor.py:830} INFO - Processing file /home/allisterkohn/Desktop/velib-data-airflow/dags/push_all_raw_files_to_s3.py for tasks to queue
[2025-08-17T14:23:34.037+0200] {logging_mixin.py:188} INFO - [2025-08-17T14:23:34.037+0200] {dagbag.py:545} INFO - Filling up the DagBag from /home/allisterkohn/Desktop/velib-data-airflow/dags/push_all_raw_files_to_s3.py
[2025-08-17T14:23:34.042+0200] {logging_mixin.py:188} INFO - [2025-08-17T14:23:34.040+0200] {dagbag.py:355} ERROR - Failed to import: /home/allisterkohn/Desktop/velib-data-airflow/dags/push_all_raw_files_to_s3.py
Traceback (most recent call last):
  File "/home/allisterkohn/.pyenv/versions/velib_env/lib/python3.11/site-packages/airflow/models/dagbag.py", line 351, in parse
    loader.exec_module(new_module)
  File "<frozen importlib._bootstrap_external>", line 940, in exec_module
  File "<frozen importlib._bootstrap>", line 241, in _call_with_frames_removed
  File "/home/allisterkohn/Desktop/velib-data-airflow/dags/push_all_raw_files_to_s3.py", line 23, in <module>
    yesterday = (datetime.today() - timedelta(days=1)).strftime("%Y/%m/%d")
                                    ^^^^^^^^^
NameError: name 'timedelta' is not defined
[2025-08-17T14:23:34.042+0200] {processor.py:842} WARNING - No viable dags retrieved from /home/allisterkohn/Desktop/velib-data-airflow/dags/push_all_raw_files_to_s3.py
[2025-08-17T14:23:34.062+0200] {processor.py:183} INFO - Processing /home/allisterkohn/Desktop/velib-data-airflow/dags/push_all_raw_files_to_s3.py took 0.033 seconds
[2025-08-17T14:23:44.238+0200] {processor.py:161} INFO - Started process (PID=47314) to work on /home/allisterkohn/Desktop/velib-data-airflow/dags/push_all_raw_files_to_s3.py
[2025-08-17T14:23:44.239+0200] {processor.py:830} INFO - Processing file /home/allisterkohn/Desktop/velib-data-airflow/dags/push_all_raw_files_to_s3.py for tasks to queue
[2025-08-17T14:23:44.240+0200] {logging_mixin.py:188} INFO - [2025-08-17T14:23:44.240+0200] {dagbag.py:545} INFO - Filling up the DagBag from /home/allisterkohn/Desktop/velib-data-airflow/dags/push_all_raw_files_to_s3.py
[2025-08-17T14:23:44.251+0200] {processor.py:840} INFO - DAG(s) 'push_all_raw_files_to_s3' retrieved from /home/allisterkohn/Desktop/velib-data-airflow/dags/push_all_raw_files_to_s3.py
[2025-08-17T14:23:44.257+0200] {logging_mixin.py:188} INFO - [2025-08-17T14:23:44.257+0200] {dag.py:3089} INFO - Sync 1 DAGs
[2025-08-17T14:23:44.275+0200] {logging_mixin.py:188} INFO - [2025-08-17T14:23:44.275+0200] {dag.py:3947} INFO - Setting next_dagrun for push_all_raw_files_to_s3 to 2025-08-16 00:00:00+00:00, run_after=2025-08-17 00:00:00+00:00
[2025-08-17T14:23:44.307+0200] {processor.py:183} INFO - Processing /home/allisterkohn/Desktop/velib-data-airflow/dags/push_all_raw_files_to_s3.py took 0.076 seconds
[2025-08-17T14:23:46.431+0200] {processor.py:161} INFO - Started process (PID=47354) to work on /home/allisterkohn/Desktop/velib-data-airflow/dags/push_all_raw_files_to_s3.py
[2025-08-17T14:23:46.431+0200] {processor.py:830} INFO - Processing file /home/allisterkohn/Desktop/velib-data-airflow/dags/push_all_raw_files_to_s3.py for tasks to queue
[2025-08-17T14:23:46.433+0200] {logging_mixin.py:188} INFO - [2025-08-17T14:23:46.433+0200] {dagbag.py:545} INFO - Filling up the DagBag from /home/allisterkohn/Desktop/velib-data-airflow/dags/push_all_raw_files_to_s3.py
[2025-08-17T14:23:46.448+0200] {processor.py:840} INFO - DAG(s) 'push_all_raw_files_to_s3' retrieved from /home/allisterkohn/Desktop/velib-data-airflow/dags/push_all_raw_files_to_s3.py
[2025-08-17T14:23:46.542+0200] {logging_mixin.py:188} INFO - [2025-08-17T14:23:46.542+0200] {dag.py:3089} INFO - Sync 1 DAGs
[2025-08-17T14:23:46.559+0200] {logging_mixin.py:188} INFO - [2025-08-17T14:23:46.559+0200] {dag.py:3947} INFO - Setting next_dagrun for push_all_raw_files_to_s3 to 2025-08-16 00:00:00+00:00, run_after=2025-08-17 00:00:00+00:00
[2025-08-17T14:23:47.958+0200] {processor.py:183} INFO - Processing /home/allisterkohn/Desktop/velib-data-airflow/dags/push_all_raw_files_to_s3.py took 1.535 seconds
[2025-08-17T14:23:52.131+0200] {processor.py:161} INFO - Started process (PID=47423) to work on /home/allisterkohn/Desktop/velib-data-airflow/dags/push_all_raw_files_to_s3.py
[2025-08-17T14:23:52.132+0200] {processor.py:830} INFO - Processing file /home/allisterkohn/Desktop/velib-data-airflow/dags/push_all_raw_files_to_s3.py for tasks to queue
[2025-08-17T14:23:52.134+0200] {logging_mixin.py:188} INFO - [2025-08-17T14:23:52.134+0200] {dagbag.py:545} INFO - Filling up the DagBag from /home/allisterkohn/Desktop/velib-data-airflow/dags/push_all_raw_files_to_s3.py
[2025-08-17T14:23:52.148+0200] {processor.py:840} INFO - DAG(s) 'push_all_raw_files_to_s3' retrieved from /home/allisterkohn/Desktop/velib-data-airflow/dags/push_all_raw_files_to_s3.py
[2025-08-17T14:23:52.155+0200] {logging_mixin.py:188} INFO - [2025-08-17T14:23:52.155+0200] {dag.py:3089} INFO - Sync 1 DAGs
[2025-08-17T14:23:52.180+0200] {logging_mixin.py:188} INFO - [2025-08-17T14:23:52.180+0200] {dag.py:3947} INFO - Setting next_dagrun for push_all_raw_files_to_s3 to 2025-08-16 00:00:00+00:00, run_after=2025-08-17 00:00:00+00:00
[2025-08-17T14:23:52.309+0200] {processor.py:183} INFO - Processing /home/allisterkohn/Desktop/velib-data-airflow/dags/push_all_raw_files_to_s3.py took 0.184 seconds
[2025-08-17T14:24:04.465+0200] {processor.py:161} INFO - Started process (PID=47599) to work on /home/allisterkohn/Desktop/velib-data-airflow/dags/push_all_raw_files_to_s3.py
[2025-08-17T14:24:04.466+0200] {processor.py:830} INFO - Processing file /home/allisterkohn/Desktop/velib-data-airflow/dags/push_all_raw_files_to_s3.py for tasks to queue
[2025-08-17T14:24:04.469+0200] {logging_mixin.py:188} INFO - [2025-08-17T14:24:04.468+0200] {dagbag.py:545} INFO - Filling up the DagBag from /home/allisterkohn/Desktop/velib-data-airflow/dags/push_all_raw_files_to_s3.py
[2025-08-17T14:24:04.480+0200] {processor.py:840} INFO - DAG(s) 'push_all_raw_files_to_s3' retrieved from /home/allisterkohn/Desktop/velib-data-airflow/dags/push_all_raw_files_to_s3.py
[2025-08-17T14:24:04.488+0200] {logging_mixin.py:188} INFO - [2025-08-17T14:24:04.488+0200] {dag.py:3089} INFO - Sync 1 DAGs
[2025-08-17T14:24:04.517+0200] {logging_mixin.py:188} INFO - [2025-08-17T14:24:04.516+0200] {dag.py:3947} INFO - Setting next_dagrun for push_all_raw_files_to_s3 to 2025-08-16 00:00:00+00:00, run_after=2025-08-17 00:00:00+00:00
[2025-08-17T14:24:04.553+0200] {processor.py:183} INFO - Processing /home/allisterkohn/Desktop/velib-data-airflow/dags/push_all_raw_files_to_s3.py took 0.095 seconds
[2025-08-17T14:24:34.629+0200] {processor.py:161} INFO - Started process (PID=47963) to work on /home/allisterkohn/Desktop/velib-data-airflow/dags/push_all_raw_files_to_s3.py
[2025-08-17T14:24:34.630+0200] {processor.py:830} INFO - Processing file /home/allisterkohn/Desktop/velib-data-airflow/dags/push_all_raw_files_to_s3.py for tasks to queue
[2025-08-17T14:24:34.631+0200] {logging_mixin.py:188} INFO - [2025-08-17T14:24:34.631+0200] {dagbag.py:545} INFO - Filling up the DagBag from /home/allisterkohn/Desktop/velib-data-airflow/dags/push_all_raw_files_to_s3.py
[2025-08-17T14:24:34.641+0200] {processor.py:840} INFO - DAG(s) 'push_all_raw_files_to_s3' retrieved from /home/allisterkohn/Desktop/velib-data-airflow/dags/push_all_raw_files_to_s3.py
[2025-08-17T14:24:34.659+0200] {logging_mixin.py:188} INFO - [2025-08-17T14:24:34.659+0200] {dag.py:3089} INFO - Sync 1 DAGs
[2025-08-17T14:24:34.675+0200] {logging_mixin.py:188} INFO - [2025-08-17T14:24:34.675+0200] {dag.py:3947} INFO - Setting next_dagrun for push_all_raw_files_to_s3 to 2025-08-16 00:00:00+00:00, run_after=2025-08-17 00:00:00+00:00
[2025-08-17T14:24:34.698+0200] {processor.py:183} INFO - Processing /home/allisterkohn/Desktop/velib-data-airflow/dags/push_all_raw_files_to_s3.py took 0.075 seconds
[2025-08-17T14:24:45.683+0200] {processor.py:161} INFO - Started process (PID=48166) to work on /home/allisterkohn/Desktop/velib-data-airflow/dags/push_all_raw_files_to_s3.py
[2025-08-17T14:24:45.684+0200] {processor.py:830} INFO - Processing file /home/allisterkohn/Desktop/velib-data-airflow/dags/push_all_raw_files_to_s3.py for tasks to queue
[2025-08-17T14:24:45.687+0200] {logging_mixin.py:188} INFO - [2025-08-17T14:24:45.686+0200] {dagbag.py:545} INFO - Filling up the DagBag from /home/allisterkohn/Desktop/velib-data-airflow/dags/push_all_raw_files_to_s3.py
[2025-08-17T14:24:45.696+0200] {processor.py:840} INFO - DAG(s) 'push_all_raw_files_to_s3' retrieved from /home/allisterkohn/Desktop/velib-data-airflow/dags/push_all_raw_files_to_s3.py
[2025-08-17T14:24:45.778+0200] {logging_mixin.py:188} INFO - [2025-08-17T14:24:45.778+0200] {dag.py:3089} INFO - Sync 1 DAGs
[2025-08-17T14:24:45.793+0200] {logging_mixin.py:188} INFO - [2025-08-17T14:24:45.792+0200] {dag.py:3947} INFO - Setting next_dagrun for push_all_raw_files_to_s3 to 2025-08-16 00:00:00+00:00, run_after=2025-08-17 00:00:00+00:00
[2025-08-17T14:24:45.822+0200] {processor.py:183} INFO - Processing /home/allisterkohn/Desktop/velib-data-airflow/dags/push_all_raw_files_to_s3.py took 0.144 seconds
[2025-08-17T14:25:15.894+0200] {processor.py:161} INFO - Started process (PID=48604) to work on /home/allisterkohn/Desktop/velib-data-airflow/dags/push_all_raw_files_to_s3.py
[2025-08-17T14:25:15.895+0200] {processor.py:830} INFO - Processing file /home/allisterkohn/Desktop/velib-data-airflow/dags/push_all_raw_files_to_s3.py for tasks to queue
[2025-08-17T14:25:15.897+0200] {logging_mixin.py:188} INFO - [2025-08-17T14:25:15.897+0200] {dagbag.py:545} INFO - Filling up the DagBag from /home/allisterkohn/Desktop/velib-data-airflow/dags/push_all_raw_files_to_s3.py
[2025-08-17T14:25:15.910+0200] {processor.py:840} INFO - DAG(s) 'push_all_raw_files_to_s3' retrieved from /home/allisterkohn/Desktop/velib-data-airflow/dags/push_all_raw_files_to_s3.py
[2025-08-17T14:25:15.935+0200] {logging_mixin.py:188} INFO - [2025-08-17T14:25:15.934+0200] {dag.py:3089} INFO - Sync 1 DAGs
[2025-08-17T14:25:15.957+0200] {logging_mixin.py:188} INFO - [2025-08-17T14:25:15.957+0200] {dag.py:3947} INFO - Setting next_dagrun for push_all_raw_files_to_s3 to 2025-08-16 00:00:00+00:00, run_after=2025-08-17 00:00:00+00:00
[2025-08-17T14:25:15.981+0200] {processor.py:183} INFO - Processing /home/allisterkohn/Desktop/velib-data-airflow/dags/push_all_raw_files_to_s3.py took 0.096 seconds
[2025-08-17T14:25:46.226+0200] {processor.py:161} INFO - Started process (PID=49033) to work on /home/allisterkohn/Desktop/velib-data-airflow/dags/push_all_raw_files_to_s3.py
[2025-08-17T14:25:46.227+0200] {processor.py:830} INFO - Processing file /home/allisterkohn/Desktop/velib-data-airflow/dags/push_all_raw_files_to_s3.py for tasks to queue
[2025-08-17T14:25:46.229+0200] {logging_mixin.py:188} INFO - [2025-08-17T14:25:46.228+0200] {dagbag.py:545} INFO - Filling up the DagBag from /home/allisterkohn/Desktop/velib-data-airflow/dags/push_all_raw_files_to_s3.py
[2025-08-17T14:25:46.238+0200] {processor.py:840} INFO - DAG(s) 'push_all_raw_files_to_s3' retrieved from /home/allisterkohn/Desktop/velib-data-airflow/dags/push_all_raw_files_to_s3.py
[2025-08-17T14:25:46.257+0200] {logging_mixin.py:188} INFO - [2025-08-17T14:25:46.257+0200] {dag.py:3089} INFO - Sync 1 DAGs
[2025-08-17T14:25:46.273+0200] {logging_mixin.py:188} INFO - [2025-08-17T14:25:46.273+0200] {dag.py:3947} INFO - Setting next_dagrun for push_all_raw_files_to_s3 to 2025-08-17 00:00:00+00:00, run_after=2025-08-18 00:00:00+00:00
[2025-08-17T14:25:46.297+0200] {processor.py:183} INFO - Processing /home/allisterkohn/Desktop/velib-data-airflow/dags/push_all_raw_files_to_s3.py took 0.077 seconds
[2025-08-17T14:26:16.332+0200] {processor.py:161} INFO - Started process (PID=49406) to work on /home/allisterkohn/Desktop/velib-data-airflow/dags/push_all_raw_files_to_s3.py
[2025-08-17T14:26:16.333+0200] {processor.py:830} INFO - Processing file /home/allisterkohn/Desktop/velib-data-airflow/dags/push_all_raw_files_to_s3.py for tasks to queue
[2025-08-17T14:26:16.335+0200] {logging_mixin.py:188} INFO - [2025-08-17T14:26:16.335+0200] {dagbag.py:545} INFO - Filling up the DagBag from /home/allisterkohn/Desktop/velib-data-airflow/dags/push_all_raw_files_to_s3.py
[2025-08-17T14:26:16.346+0200] {processor.py:840} INFO - DAG(s) 'push_all_raw_files_to_s3' retrieved from /home/allisterkohn/Desktop/velib-data-airflow/dags/push_all_raw_files_to_s3.py
[2025-08-17T14:26:16.365+0200] {logging_mixin.py:188} INFO - [2025-08-17T14:26:16.365+0200] {dag.py:3089} INFO - Sync 1 DAGs
[2025-08-17T14:26:16.382+0200] {logging_mixin.py:188} INFO - [2025-08-17T14:26:16.382+0200] {dag.py:3947} INFO - Setting next_dagrun for push_all_raw_files_to_s3 to 2025-08-17 00:00:00+00:00, run_after=2025-08-18 00:00:00+00:00
[2025-08-17T14:26:16.406+0200] {processor.py:183} INFO - Processing /home/allisterkohn/Desktop/velib-data-airflow/dags/push_all_raw_files_to_s3.py took 0.080 seconds
[2025-08-17T14:26:46.453+0200] {processor.py:161} INFO - Started process (PID=49829) to work on /home/allisterkohn/Desktop/velib-data-airflow/dags/push_all_raw_files_to_s3.py
[2025-08-17T14:26:46.455+0200] {processor.py:830} INFO - Processing file /home/allisterkohn/Desktop/velib-data-airflow/dags/push_all_raw_files_to_s3.py for tasks to queue
[2025-08-17T14:26:46.457+0200] {logging_mixin.py:188} INFO - [2025-08-17T14:26:46.457+0200] {dagbag.py:545} INFO - Filling up the DagBag from /home/allisterkohn/Desktop/velib-data-airflow/dags/push_all_raw_files_to_s3.py
[2025-08-17T14:26:46.469+0200] {processor.py:840} INFO - DAG(s) 'push_all_raw_files_to_s3' retrieved from /home/allisterkohn/Desktop/velib-data-airflow/dags/push_all_raw_files_to_s3.py
[2025-08-17T14:26:46.494+0200] {logging_mixin.py:188} INFO - [2025-08-17T14:26:46.493+0200] {dag.py:3089} INFO - Sync 1 DAGs
[2025-08-17T14:26:46.518+0200] {logging_mixin.py:188} INFO - [2025-08-17T14:26:46.518+0200] {dag.py:3947} INFO - Setting next_dagrun for push_all_raw_files_to_s3 to 2025-08-17 00:00:00+00:00, run_after=2025-08-18 00:00:00+00:00
[2025-08-17T14:26:46.546+0200] {processor.py:183} INFO - Processing /home/allisterkohn/Desktop/velib-data-airflow/dags/push_all_raw_files_to_s3.py took 0.099 seconds
[2025-08-17T14:26:54.332+0200] {processor.py:161} INFO - Started process (PID=49939) to work on /home/allisterkohn/Desktop/velib-data-airflow/dags/push_all_raw_files_to_s3.py
[2025-08-17T14:26:54.333+0200] {processor.py:830} INFO - Processing file /home/allisterkohn/Desktop/velib-data-airflow/dags/push_all_raw_files_to_s3.py for tasks to queue
[2025-08-17T14:26:54.334+0200] {logging_mixin.py:188} INFO - [2025-08-17T14:26:54.334+0200] {dagbag.py:545} INFO - Filling up the DagBag from /home/allisterkohn/Desktop/velib-data-airflow/dags/push_all_raw_files_to_s3.py
[2025-08-17T14:26:54.344+0200] {processor.py:840} INFO - DAG(s) 'push_all_raw_files_to_s3' retrieved from /home/allisterkohn/Desktop/velib-data-airflow/dags/push_all_raw_files_to_s3.py
[2025-08-17T14:26:54.430+0200] {logging_mixin.py:188} INFO - [2025-08-17T14:26:54.430+0200] {dag.py:3089} INFO - Sync 1 DAGs
[2025-08-17T14:26:54.445+0200] {logging_mixin.py:188} INFO - [2025-08-17T14:26:54.445+0200] {dag.py:3947} INFO - Setting next_dagrun for push_all_raw_files_to_s3 to 2025-08-17 00:00:00+00:00, run_after=2025-08-18 00:00:00+00:00
[2025-08-17T14:26:54.476+0200] {processor.py:183} INFO - Processing /home/allisterkohn/Desktop/velib-data-airflow/dags/push_all_raw_files_to_s3.py took 0.150 seconds
[2025-08-17T14:27:27.204+0200] {processor.py:161} INFO - Started process (PID=50375) to work on /home/allisterkohn/Desktop/velib-data-airflow/dags/push_all_raw_files_to_s3.py
[2025-08-17T14:27:27.205+0200] {processor.py:830} INFO - Processing file /home/allisterkohn/Desktop/velib-data-airflow/dags/push_all_raw_files_to_s3.py for tasks to queue
[2025-08-17T14:27:27.207+0200] {logging_mixin.py:188} INFO - [2025-08-17T14:27:27.207+0200] {dagbag.py:545} INFO - Filling up the DagBag from /home/allisterkohn/Desktop/velib-data-airflow/dags/push_all_raw_files_to_s3.py
[2025-08-17T14:27:27.216+0200] {processor.py:840} INFO - DAG(s) 'push_all_raw_files_to_s3' retrieved from /home/allisterkohn/Desktop/velib-data-airflow/dags/push_all_raw_files_to_s3.py
[2025-08-17T14:27:27.236+0200] {logging_mixin.py:188} INFO - [2025-08-17T14:27:27.235+0200] {dag.py:3089} INFO - Sync 1 DAGs
[2025-08-17T14:27:27.252+0200] {logging_mixin.py:188} INFO - [2025-08-17T14:27:27.251+0200] {dag.py:3947} INFO - Setting next_dagrun for push_all_raw_files_to_s3 to 2025-08-16 00:00:00+00:00, run_after=2025-08-17 00:00:00+00:00
[2025-08-17T14:27:27.277+0200] {processor.py:183} INFO - Processing /home/allisterkohn/Desktop/velib-data-airflow/dags/push_all_raw_files_to_s3.py took 0.078 seconds
[2025-08-17T14:27:44.802+0200] {processor.py:161} INFO - Started process (PID=50746) to work on /home/allisterkohn/Desktop/velib-data-airflow/dags/push_all_raw_files_to_s3.py
[2025-08-17T14:27:44.803+0200] {processor.py:830} INFO - Processing file /home/allisterkohn/Desktop/velib-data-airflow/dags/push_all_raw_files_to_s3.py for tasks to queue
[2025-08-17T14:27:44.806+0200] {logging_mixin.py:188} INFO - [2025-08-17T14:27:44.806+0200] {dagbag.py:545} INFO - Filling up the DagBag from /home/allisterkohn/Desktop/velib-data-airflow/dags/push_all_raw_files_to_s3.py
[2025-08-17T14:27:44.820+0200] {processor.py:840} INFO - DAG(s) 'push_all_raw_files_to_s3' retrieved from /home/allisterkohn/Desktop/velib-data-airflow/dags/push_all_raw_files_to_s3.py
[2025-08-17T14:27:44.841+0200] {logging_mixin.py:188} INFO - [2025-08-17T14:27:44.840+0200] {dag.py:3089} INFO - Sync 1 DAGs
[2025-08-17T14:27:44.862+0200] {logging_mixin.py:188} INFO - [2025-08-17T14:27:44.862+0200] {dag.py:3947} INFO - Setting next_dagrun for push_all_raw_files_to_s3 to 2025-08-17 00:00:00+00:00, run_after=2025-08-18 00:00:00+00:00
[2025-08-17T14:27:44.886+0200] {processor.py:183} INFO - Processing /home/allisterkohn/Desktop/velib-data-airflow/dags/push_all_raw_files_to_s3.py took 0.094 seconds
[2025-08-17T14:27:46.051+0200] {processor.py:161} INFO - Started process (PID=50776) to work on /home/allisterkohn/Desktop/velib-data-airflow/dags/push_all_raw_files_to_s3.py
[2025-08-17T14:27:46.051+0200] {processor.py:830} INFO - Processing file /home/allisterkohn/Desktop/velib-data-airflow/dags/push_all_raw_files_to_s3.py for tasks to queue
[2025-08-17T14:27:46.053+0200] {logging_mixin.py:188} INFO - [2025-08-17T14:27:46.053+0200] {dagbag.py:545} INFO - Filling up the DagBag from /home/allisterkohn/Desktop/velib-data-airflow/dags/push_all_raw_files_to_s3.py
[2025-08-17T14:27:46.062+0200] {processor.py:840} INFO - DAG(s) 'push_all_raw_files_to_s3' retrieved from /home/allisterkohn/Desktop/velib-data-airflow/dags/push_all_raw_files_to_s3.py
[2025-08-17T14:27:46.081+0200] {logging_mixin.py:188} INFO - [2025-08-17T14:27:46.080+0200] {dag.py:3089} INFO - Sync 1 DAGs
[2025-08-17T14:27:46.099+0200] {logging_mixin.py:188} INFO - [2025-08-17T14:27:46.099+0200] {dag.py:3947} INFO - Setting next_dagrun for push_all_raw_files_to_s3 to 2025-08-17 00:00:00+00:00, run_after=2025-08-18 00:00:00+00:00
[2025-08-17T14:27:46.124+0200] {processor.py:183} INFO - Processing /home/allisterkohn/Desktop/velib-data-airflow/dags/push_all_raw_files_to_s3.py took 0.080 seconds
[2025-08-17T14:27:47.273+0200] {processor.py:161} INFO - Started process (PID=50802) to work on /home/allisterkohn/Desktop/velib-data-airflow/dags/push_all_raw_files_to_s3.py
[2025-08-17T14:27:47.273+0200] {processor.py:830} INFO - Processing file /home/allisterkohn/Desktop/velib-data-airflow/dags/push_all_raw_files_to_s3.py for tasks to queue
[2025-08-17T14:27:47.275+0200] {logging_mixin.py:188} INFO - [2025-08-17T14:27:47.275+0200] {dagbag.py:545} INFO - Filling up the DagBag from /home/allisterkohn/Desktop/velib-data-airflow/dags/push_all_raw_files_to_s3.py
[2025-08-17T14:27:47.288+0200] {processor.py:840} INFO - DAG(s) 'push_all_raw_files_to_s3' retrieved from /home/allisterkohn/Desktop/velib-data-airflow/dags/push_all_raw_files_to_s3.py
[2025-08-17T14:27:47.311+0200] {logging_mixin.py:188} INFO - [2025-08-17T14:27:47.311+0200] {dag.py:3089} INFO - Sync 1 DAGs
[2025-08-17T14:27:47.336+0200] {logging_mixin.py:188} INFO - [2025-08-17T14:27:47.335+0200] {dag.py:3947} INFO - Setting next_dagrun for push_all_raw_files_to_s3 to 2025-08-17 00:00:00+00:00, run_after=2025-08-18 00:00:00+00:00
[2025-08-17T14:27:47.365+0200] {processor.py:183} INFO - Processing /home/allisterkohn/Desktop/velib-data-airflow/dags/push_all_raw_files_to_s3.py took 0.101 seconds
[2025-08-17T14:27:48.510+0200] {processor.py:161} INFO - Started process (PID=50836) to work on /home/allisterkohn/Desktop/velib-data-airflow/dags/push_all_raw_files_to_s3.py
[2025-08-17T14:27:48.510+0200] {processor.py:830} INFO - Processing file /home/allisterkohn/Desktop/velib-data-airflow/dags/push_all_raw_files_to_s3.py for tasks to queue
[2025-08-17T14:27:48.512+0200] {logging_mixin.py:188} INFO - [2025-08-17T14:27:48.512+0200] {dagbag.py:545} INFO - Filling up the DagBag from /home/allisterkohn/Desktop/velib-data-airflow/dags/push_all_raw_files_to_s3.py
[2025-08-17T14:27:48.524+0200] {processor.py:840} INFO - DAG(s) 'push_all_raw_files_to_s3' retrieved from /home/allisterkohn/Desktop/velib-data-airflow/dags/push_all_raw_files_to_s3.py
[2025-08-17T14:27:48.543+0200] {logging_mixin.py:188} INFO - [2025-08-17T14:27:48.542+0200] {dag.py:3089} INFO - Sync 1 DAGs
[2025-08-17T14:27:48.563+0200] {logging_mixin.py:188} INFO - [2025-08-17T14:27:48.562+0200] {dag.py:3947} INFO - Setting next_dagrun for push_all_raw_files_to_s3 to 2025-08-17 00:00:00+00:00, run_after=2025-08-18 00:00:00+00:00
[2025-08-17T14:27:48.594+0200] {processor.py:183} INFO - Processing /home/allisterkohn/Desktop/velib-data-airflow/dags/push_all_raw_files_to_s3.py took 0.090 seconds
[2025-08-17T14:28:19.602+0200] {processor.py:161} INFO - Started process (PID=51251) to work on /home/allisterkohn/Desktop/velib-data-airflow/dags/push_all_raw_files_to_s3.py
[2025-08-17T14:28:19.603+0200] {processor.py:830} INFO - Processing file /home/allisterkohn/Desktop/velib-data-airflow/dags/push_all_raw_files_to_s3.py for tasks to queue
[2025-08-17T14:28:19.605+0200] {logging_mixin.py:188} INFO - [2025-08-17T14:28:19.604+0200] {dagbag.py:545} INFO - Filling up the DagBag from /home/allisterkohn/Desktop/velib-data-airflow/dags/push_all_raw_files_to_s3.py
[2025-08-17T14:28:19.614+0200] {processor.py:840} INFO - DAG(s) 'push_all_raw_files_to_s3' retrieved from /home/allisterkohn/Desktop/velib-data-airflow/dags/push_all_raw_files_to_s3.py
[2025-08-17T14:28:19.633+0200] {logging_mixin.py:188} INFO - [2025-08-17T14:28:19.632+0200] {dag.py:3089} INFO - Sync 1 DAGs
[2025-08-17T14:28:19.651+0200] {logging_mixin.py:188} INFO - [2025-08-17T14:28:19.651+0200] {dag.py:3947} INFO - Setting next_dagrun for push_all_raw_files_to_s3 to 2025-08-17 00:00:00+00:00, run_after=2025-08-18 00:00:00+00:00
[2025-08-17T14:28:19.675+0200] {processor.py:183} INFO - Processing /home/allisterkohn/Desktop/velib-data-airflow/dags/push_all_raw_files_to_s3.py took 0.080 seconds
[2025-08-17T14:28:50.190+0200] {processor.py:161} INFO - Started process (PID=51769) to work on /home/allisterkohn/Desktop/velib-data-airflow/dags/push_all_raw_files_to_s3.py
[2025-08-17T14:28:50.191+0200] {processor.py:830} INFO - Processing file /home/allisterkohn/Desktop/velib-data-airflow/dags/push_all_raw_files_to_s3.py for tasks to queue
[2025-08-17T14:28:50.193+0200] {logging_mixin.py:188} INFO - [2025-08-17T14:28:50.192+0200] {dagbag.py:545} INFO - Filling up the DagBag from /home/allisterkohn/Desktop/velib-data-airflow/dags/push_all_raw_files_to_s3.py
[2025-08-17T14:28:50.202+0200] {processor.py:840} INFO - DAG(s) 'push_all_raw_files_to_s3' retrieved from /home/allisterkohn/Desktop/velib-data-airflow/dags/push_all_raw_files_to_s3.py
[2025-08-17T14:28:50.221+0200] {logging_mixin.py:188} INFO - [2025-08-17T14:28:50.221+0200] {dag.py:3089} INFO - Sync 1 DAGs
[2025-08-17T14:28:50.238+0200] {logging_mixin.py:188} INFO - [2025-08-17T14:28:50.238+0200] {dag.py:3947} INFO - Setting next_dagrun for push_all_raw_files_to_s3 to 2025-08-17 00:00:00+00:00, run_after=2025-08-18 00:00:00+00:00
[2025-08-17T14:28:50.262+0200] {processor.py:183} INFO - Processing /home/allisterkohn/Desktop/velib-data-airflow/dags/push_all_raw_files_to_s3.py took 0.078 seconds
[2025-08-17T14:29:20.382+0200] {processor.py:161} INFO - Started process (PID=52126) to work on /home/allisterkohn/Desktop/velib-data-airflow/dags/push_all_raw_files_to_s3.py
[2025-08-17T14:29:20.383+0200] {processor.py:830} INFO - Processing file /home/allisterkohn/Desktop/velib-data-airflow/dags/push_all_raw_files_to_s3.py for tasks to queue
[2025-08-17T14:29:20.385+0200] {logging_mixin.py:188} INFO - [2025-08-17T14:29:20.385+0200] {dagbag.py:545} INFO - Filling up the DagBag from /home/allisterkohn/Desktop/velib-data-airflow/dags/push_all_raw_files_to_s3.py
[2025-08-17T14:29:20.394+0200] {processor.py:840} INFO - DAG(s) 'push_all_raw_files_to_s3' retrieved from /home/allisterkohn/Desktop/velib-data-airflow/dags/push_all_raw_files_to_s3.py
[2025-08-17T14:29:20.413+0200] {logging_mixin.py:188} INFO - [2025-08-17T14:29:20.412+0200] {dag.py:3089} INFO - Sync 1 DAGs
[2025-08-17T14:29:20.429+0200] {logging_mixin.py:188} INFO - [2025-08-17T14:29:20.429+0200] {dag.py:3947} INFO - Setting next_dagrun for push_all_raw_files_to_s3 to 2025-08-17 00:00:00+00:00, run_after=2025-08-18 00:00:00+00:00
[2025-08-17T14:29:20.466+0200] {processor.py:183} INFO - Processing /home/allisterkohn/Desktop/velib-data-airflow/dags/push_all_raw_files_to_s3.py took 0.089 seconds
[2025-08-17T14:29:50.583+0200] {processor.py:161} INFO - Started process (PID=52580) to work on /home/allisterkohn/Desktop/velib-data-airflow/dags/push_all_raw_files_to_s3.py
[2025-08-17T14:29:50.584+0200] {processor.py:830} INFO - Processing file /home/allisterkohn/Desktop/velib-data-airflow/dags/push_all_raw_files_to_s3.py for tasks to queue
[2025-08-17T14:29:50.586+0200] {logging_mixin.py:188} INFO - [2025-08-17T14:29:50.585+0200] {dagbag.py:545} INFO - Filling up the DagBag from /home/allisterkohn/Desktop/velib-data-airflow/dags/push_all_raw_files_to_s3.py
[2025-08-17T14:29:50.595+0200] {processor.py:840} INFO - DAG(s) 'push_all_raw_files_to_s3' retrieved from /home/allisterkohn/Desktop/velib-data-airflow/dags/push_all_raw_files_to_s3.py
[2025-08-17T14:29:50.613+0200] {logging_mixin.py:188} INFO - [2025-08-17T14:29:50.613+0200] {dag.py:3089} INFO - Sync 1 DAGs
[2025-08-17T14:29:50.629+0200] {logging_mixin.py:188} INFO - [2025-08-17T14:29:50.629+0200] {dag.py:3947} INFO - Setting next_dagrun for push_all_raw_files_to_s3 to 2025-08-17 00:00:00+00:00, run_after=2025-08-18 00:00:00+00:00
[2025-08-17T14:29:50.655+0200] {processor.py:183} INFO - Processing /home/allisterkohn/Desktop/velib-data-airflow/dags/push_all_raw_files_to_s3.py took 0.078 seconds
[2025-08-17T14:30:20.778+0200] {processor.py:161} INFO - Started process (PID=53003) to work on /home/allisterkohn/Desktop/velib-data-airflow/dags/push_all_raw_files_to_s3.py
[2025-08-17T14:30:20.779+0200] {processor.py:830} INFO - Processing file /home/allisterkohn/Desktop/velib-data-airflow/dags/push_all_raw_files_to_s3.py for tasks to queue
[2025-08-17T14:30:20.780+0200] {logging_mixin.py:188} INFO - [2025-08-17T14:30:20.780+0200] {dagbag.py:545} INFO - Filling up the DagBag from /home/allisterkohn/Desktop/velib-data-airflow/dags/push_all_raw_files_to_s3.py
[2025-08-17T14:30:20.790+0200] {processor.py:840} INFO - DAG(s) 'push_all_raw_files_to_s3' retrieved from /home/allisterkohn/Desktop/velib-data-airflow/dags/push_all_raw_files_to_s3.py
[2025-08-17T14:30:20.808+0200] {logging_mixin.py:188} INFO - [2025-08-17T14:30:20.807+0200] {dag.py:3089} INFO - Sync 1 DAGs
[2025-08-17T14:30:20.825+0200] {logging_mixin.py:188} INFO - [2025-08-17T14:30:20.824+0200] {dag.py:3947} INFO - Setting next_dagrun for push_all_raw_files_to_s3 to 2025-08-17 00:00:00+00:00, run_after=2025-08-18 00:00:00+00:00
[2025-08-17T14:30:20.851+0200] {processor.py:183} INFO - Processing /home/allisterkohn/Desktop/velib-data-airflow/dags/push_all_raw_files_to_s3.py took 0.079 seconds
[2025-08-17T14:30:50.985+0200] {processor.py:161} INFO - Started process (PID=53750) to work on /home/allisterkohn/Desktop/velib-data-airflow/dags/push_all_raw_files_to_s3.py
[2025-08-17T14:30:50.986+0200] {processor.py:830} INFO - Processing file /home/allisterkohn/Desktop/velib-data-airflow/dags/push_all_raw_files_to_s3.py for tasks to queue
[2025-08-17T14:30:50.988+0200] {logging_mixin.py:188} INFO - [2025-08-17T14:30:50.988+0200] {dagbag.py:545} INFO - Filling up the DagBag from /home/allisterkohn/Desktop/velib-data-airflow/dags/push_all_raw_files_to_s3.py
[2025-08-17T14:30:50.998+0200] {processor.py:840} INFO - DAG(s) 'push_all_raw_files_to_s3' retrieved from /home/allisterkohn/Desktop/velib-data-airflow/dags/push_all_raw_files_to_s3.py
[2025-08-17T14:30:51.016+0200] {logging_mixin.py:188} INFO - [2025-08-17T14:30:51.015+0200] {dag.py:3089} INFO - Sync 1 DAGs
[2025-08-17T14:30:51.032+0200] {logging_mixin.py:188} INFO - [2025-08-17T14:30:51.032+0200] {dag.py:3947} INFO - Setting next_dagrun for push_all_raw_files_to_s3 to 2025-08-17 00:00:00+00:00, run_after=2025-08-18 00:00:00+00:00
[2025-08-17T14:30:51.055+0200] {processor.py:183} INFO - Processing /home/allisterkohn/Desktop/velib-data-airflow/dags/push_all_raw_files_to_s3.py took 0.076 seconds
[2025-08-17T14:31:21.227+0200] {processor.py:161} INFO - Started process (PID=54560) to work on /home/allisterkohn/Desktop/velib-data-airflow/dags/push_all_raw_files_to_s3.py
[2025-08-17T14:31:21.229+0200] {processor.py:830} INFO - Processing file /home/allisterkohn/Desktop/velib-data-airflow/dags/push_all_raw_files_to_s3.py for tasks to queue
[2025-08-17T14:31:21.231+0200] {logging_mixin.py:188} INFO - [2025-08-17T14:31:21.230+0200] {dagbag.py:545} INFO - Filling up the DagBag from /home/allisterkohn/Desktop/velib-data-airflow/dags/push_all_raw_files_to_s3.py
[2025-08-17T14:31:21.241+0200] {processor.py:840} INFO - DAG(s) 'push_all_raw_files_to_s3' retrieved from /home/allisterkohn/Desktop/velib-data-airflow/dags/push_all_raw_files_to_s3.py
[2025-08-17T14:31:21.260+0200] {logging_mixin.py:188} INFO - [2025-08-17T14:31:21.259+0200] {dag.py:3089} INFO - Sync 1 DAGs
[2025-08-17T14:31:21.276+0200] {logging_mixin.py:188} INFO - [2025-08-17T14:31:21.276+0200] {dag.py:3947} INFO - Setting next_dagrun for push_all_raw_files_to_s3 to 2025-08-17 00:00:00+00:00, run_after=2025-08-18 00:00:00+00:00
[2025-08-17T14:31:21.301+0200] {processor.py:183} INFO - Processing /home/allisterkohn/Desktop/velib-data-airflow/dags/push_all_raw_files_to_s3.py took 0.082 seconds
[2025-08-17T14:31:52.228+0200] {processor.py:161} INFO - Started process (PID=55099) to work on /home/allisterkohn/Desktop/velib-data-airflow/dags/push_all_raw_files_to_s3.py
[2025-08-17T14:31:52.229+0200] {processor.py:830} INFO - Processing file /home/allisterkohn/Desktop/velib-data-airflow/dags/push_all_raw_files_to_s3.py for tasks to queue
[2025-08-17T14:31:52.230+0200] {logging_mixin.py:188} INFO - [2025-08-17T14:31:52.230+0200] {dagbag.py:545} INFO - Filling up the DagBag from /home/allisterkohn/Desktop/velib-data-airflow/dags/push_all_raw_files_to_s3.py
[2025-08-17T14:31:52.241+0200] {processor.py:840} INFO - DAG(s) 'push_all_raw_files_to_s3' retrieved from /home/allisterkohn/Desktop/velib-data-airflow/dags/push_all_raw_files_to_s3.py
[2025-08-17T14:31:52.263+0200] {logging_mixin.py:188} INFO - [2025-08-17T14:31:52.262+0200] {dag.py:3089} INFO - Sync 1 DAGs
[2025-08-17T14:31:52.283+0200] {logging_mixin.py:188} INFO - [2025-08-17T14:31:52.282+0200] {dag.py:3947} INFO - Setting next_dagrun for push_all_raw_files_to_s3 to 2025-08-17 00:00:00+00:00, run_after=2025-08-18 00:00:00+00:00
[2025-08-17T14:31:52.792+0200] {processor.py:183} INFO - Processing /home/allisterkohn/Desktop/velib-data-airflow/dags/push_all_raw_files_to_s3.py took 0.571 seconds
[2025-08-17T14:32:22.877+0200] {processor.py:161} INFO - Started process (PID=55564) to work on /home/allisterkohn/Desktop/velib-data-airflow/dags/push_all_raw_files_to_s3.py
[2025-08-17T14:32:22.879+0200] {processor.py:830} INFO - Processing file /home/allisterkohn/Desktop/velib-data-airflow/dags/push_all_raw_files_to_s3.py for tasks to queue
[2025-08-17T14:32:22.881+0200] {logging_mixin.py:188} INFO - [2025-08-17T14:32:22.880+0200] {dagbag.py:545} INFO - Filling up the DagBag from /home/allisterkohn/Desktop/velib-data-airflow/dags/push_all_raw_files_to_s3.py
[2025-08-17T14:32:22.892+0200] {processor.py:840} INFO - DAG(s) 'push_all_raw_files_to_s3' retrieved from /home/allisterkohn/Desktop/velib-data-airflow/dags/push_all_raw_files_to_s3.py
[2025-08-17T14:32:22.923+0200] {logging_mixin.py:188} INFO - [2025-08-17T14:32:22.922+0200] {dag.py:3089} INFO - Sync 1 DAGs
[2025-08-17T14:32:22.945+0200] {logging_mixin.py:188} INFO - [2025-08-17T14:32:22.944+0200] {dag.py:3947} INFO - Setting next_dagrun for push_all_raw_files_to_s3 to 2025-08-17 00:00:00+00:00, run_after=2025-08-18 00:00:00+00:00
[2025-08-17T14:32:22.966+0200] {processor.py:183} INFO - Processing /home/allisterkohn/Desktop/velib-data-airflow/dags/push_all_raw_files_to_s3.py took 0.097 seconds
[2025-08-17T14:32:53.169+0200] {processor.py:161} INFO - Started process (PID=56021) to work on /home/allisterkohn/Desktop/velib-data-airflow/dags/push_all_raw_files_to_s3.py
[2025-08-17T14:32:53.171+0200] {processor.py:830} INFO - Processing file /home/allisterkohn/Desktop/velib-data-airflow/dags/push_all_raw_files_to_s3.py for tasks to queue
[2025-08-17T14:32:53.172+0200] {logging_mixin.py:188} INFO - [2025-08-17T14:32:53.172+0200] {dagbag.py:545} INFO - Filling up the DagBag from /home/allisterkohn/Desktop/velib-data-airflow/dags/push_all_raw_files_to_s3.py
[2025-08-17T14:32:53.182+0200] {processor.py:840} INFO - DAG(s) 'push_all_raw_files_to_s3' retrieved from /home/allisterkohn/Desktop/velib-data-airflow/dags/push_all_raw_files_to_s3.py
[2025-08-17T14:32:53.200+0200] {logging_mixin.py:188} INFO - [2025-08-17T14:32:53.200+0200] {dag.py:3089} INFO - Sync 1 DAGs
[2025-08-17T14:32:53.218+0200] {logging_mixin.py:188} INFO - [2025-08-17T14:32:53.217+0200] {dag.py:3947} INFO - Setting next_dagrun for push_all_raw_files_to_s3 to 2025-08-17 00:00:00+00:00, run_after=2025-08-18 00:00:00+00:00
[2025-08-17T14:32:53.247+0200] {processor.py:183} INFO - Processing /home/allisterkohn/Desktop/velib-data-airflow/dags/push_all_raw_files_to_s3.py took 0.084 seconds
[2025-08-17T14:33:23.379+0200] {processor.py:161} INFO - Started process (PID=56599) to work on /home/allisterkohn/Desktop/velib-data-airflow/dags/push_all_raw_files_to_s3.py
[2025-08-17T14:33:23.381+0200] {processor.py:830} INFO - Processing file /home/allisterkohn/Desktop/velib-data-airflow/dags/push_all_raw_files_to_s3.py for tasks to queue
[2025-08-17T14:33:23.383+0200] {logging_mixin.py:188} INFO - [2025-08-17T14:33:23.382+0200] {dagbag.py:545} INFO - Filling up the DagBag from /home/allisterkohn/Desktop/velib-data-airflow/dags/push_all_raw_files_to_s3.py
[2025-08-17T14:33:23.393+0200] {processor.py:840} INFO - DAG(s) 'push_all_raw_files_to_s3' retrieved from /home/allisterkohn/Desktop/velib-data-airflow/dags/push_all_raw_files_to_s3.py
[2025-08-17T14:33:23.413+0200] {logging_mixin.py:188} INFO - [2025-08-17T14:33:23.413+0200] {dag.py:3089} INFO - Sync 1 DAGs
[2025-08-17T14:33:23.432+0200] {logging_mixin.py:188} INFO - [2025-08-17T14:33:23.432+0200] {dag.py:3947} INFO - Setting next_dagrun for push_all_raw_files_to_s3 to 2025-08-17 00:00:00+00:00, run_after=2025-08-18 00:00:00+00:00
[2025-08-17T14:33:23.456+0200] {processor.py:183} INFO - Processing /home/allisterkohn/Desktop/velib-data-airflow/dags/push_all_raw_files_to_s3.py took 0.083 seconds
[2025-08-17T14:33:53.581+0200] {processor.py:161} INFO - Started process (PID=57070) to work on /home/allisterkohn/Desktop/velib-data-airflow/dags/push_all_raw_files_to_s3.py
[2025-08-17T14:33:53.582+0200] {processor.py:830} INFO - Processing file /home/allisterkohn/Desktop/velib-data-airflow/dags/push_all_raw_files_to_s3.py for tasks to queue
[2025-08-17T14:33:53.586+0200] {logging_mixin.py:188} INFO - [2025-08-17T14:33:53.585+0200] {dagbag.py:545} INFO - Filling up the DagBag from /home/allisterkohn/Desktop/velib-data-airflow/dags/push_all_raw_files_to_s3.py
[2025-08-17T14:33:53.598+0200] {processor.py:840} INFO - DAG(s) 'push_all_raw_files_to_s3' retrieved from /home/allisterkohn/Desktop/velib-data-airflow/dags/push_all_raw_files_to_s3.py
[2025-08-17T14:33:53.626+0200] {logging_mixin.py:188} INFO - [2025-08-17T14:33:53.625+0200] {dag.py:3089} INFO - Sync 1 DAGs
[2025-08-17T14:33:53.643+0200] {logging_mixin.py:188} INFO - [2025-08-17T14:33:53.643+0200] {dag.py:3947} INFO - Setting next_dagrun for push_all_raw_files_to_s3 to 2025-08-17 00:00:00+00:00, run_after=2025-08-18 00:00:00+00:00
[2025-08-17T14:33:53.667+0200] {processor.py:183} INFO - Processing /home/allisterkohn/Desktop/velib-data-airflow/dags/push_all_raw_files_to_s3.py took 0.093 seconds
[2025-08-17T14:34:23.779+0200] {processor.py:161} INFO - Started process (PID=57557) to work on /home/allisterkohn/Desktop/velib-data-airflow/dags/push_all_raw_files_to_s3.py
[2025-08-17T14:34:23.780+0200] {processor.py:830} INFO - Processing file /home/allisterkohn/Desktop/velib-data-airflow/dags/push_all_raw_files_to_s3.py for tasks to queue
[2025-08-17T14:34:23.782+0200] {logging_mixin.py:188} INFO - [2025-08-17T14:34:23.782+0200] {dagbag.py:545} INFO - Filling up the DagBag from /home/allisterkohn/Desktop/velib-data-airflow/dags/push_all_raw_files_to_s3.py
[2025-08-17T14:34:23.792+0200] {processor.py:840} INFO - DAG(s) 'push_all_raw_files_to_s3' retrieved from /home/allisterkohn/Desktop/velib-data-airflow/dags/push_all_raw_files_to_s3.py
[2025-08-17T14:34:23.813+0200] {logging_mixin.py:188} INFO - [2025-08-17T14:34:23.812+0200] {dag.py:3089} INFO - Sync 1 DAGs
[2025-08-17T14:34:23.834+0200] {logging_mixin.py:188} INFO - [2025-08-17T14:34:23.834+0200] {dag.py:3947} INFO - Setting next_dagrun for push_all_raw_files_to_s3 to 2025-08-17 00:00:00+00:00, run_after=2025-08-18 00:00:00+00:00
[2025-08-17T14:34:23.858+0200] {processor.py:183} INFO - Processing /home/allisterkohn/Desktop/velib-data-airflow/dags/push_all_raw_files_to_s3.py took 0.085 seconds
[2025-08-17T14:34:53.974+0200] {processor.py:161} INFO - Started process (PID=58156) to work on /home/allisterkohn/Desktop/velib-data-airflow/dags/push_all_raw_files_to_s3.py
[2025-08-17T14:34:53.975+0200] {processor.py:830} INFO - Processing file /home/allisterkohn/Desktop/velib-data-airflow/dags/push_all_raw_files_to_s3.py for tasks to queue
[2025-08-17T14:34:53.977+0200] {logging_mixin.py:188} INFO - [2025-08-17T14:34:53.976+0200] {dagbag.py:545} INFO - Filling up the DagBag from /home/allisterkohn/Desktop/velib-data-airflow/dags/push_all_raw_files_to_s3.py
[2025-08-17T14:34:53.986+0200] {processor.py:840} INFO - DAG(s) 'push_all_raw_files_to_s3' retrieved from /home/allisterkohn/Desktop/velib-data-airflow/dags/push_all_raw_files_to_s3.py
[2025-08-17T14:34:54.004+0200] {logging_mixin.py:188} INFO - [2025-08-17T14:34:54.004+0200] {dag.py:3089} INFO - Sync 1 DAGs
[2025-08-17T14:34:54.020+0200] {logging_mixin.py:188} INFO - [2025-08-17T14:34:54.020+0200] {dag.py:3947} INFO - Setting next_dagrun for push_all_raw_files_to_s3 to 2025-08-17 00:00:00+00:00, run_after=2025-08-18 00:00:00+00:00
[2025-08-17T14:34:54.041+0200] {processor.py:183} INFO - Processing /home/allisterkohn/Desktop/velib-data-airflow/dags/push_all_raw_files_to_s3.py took 0.073 seconds
[2025-08-17T14:35:24.178+0200] {processor.py:161} INFO - Started process (PID=58595) to work on /home/allisterkohn/Desktop/velib-data-airflow/dags/push_all_raw_files_to_s3.py
[2025-08-17T14:35:24.179+0200] {processor.py:830} INFO - Processing file /home/allisterkohn/Desktop/velib-data-airflow/dags/push_all_raw_files_to_s3.py for tasks to queue
[2025-08-17T14:35:24.182+0200] {logging_mixin.py:188} INFO - [2025-08-17T14:35:24.181+0200] {dagbag.py:545} INFO - Filling up the DagBag from /home/allisterkohn/Desktop/velib-data-airflow/dags/push_all_raw_files_to_s3.py
[2025-08-17T14:35:24.191+0200] {processor.py:840} INFO - DAG(s) 'push_all_raw_files_to_s3' retrieved from /home/allisterkohn/Desktop/velib-data-airflow/dags/push_all_raw_files_to_s3.py
[2025-08-17T14:35:24.210+0200] {logging_mixin.py:188} INFO - [2025-08-17T14:35:24.210+0200] {dag.py:3089} INFO - Sync 1 DAGs
[2025-08-17T14:35:24.235+0200] {logging_mixin.py:188} INFO - [2025-08-17T14:35:24.234+0200] {dag.py:3947} INFO - Setting next_dagrun for push_all_raw_files_to_s3 to 2025-08-17 00:00:00+00:00, run_after=2025-08-18 00:00:00+00:00
[2025-08-17T14:35:24.283+0200] {processor.py:183} INFO - Processing /home/allisterkohn/Desktop/velib-data-airflow/dags/push_all_raw_files_to_s3.py took 0.111 seconds
