[2025-08-17T14:08:16.335+0200] {processor.py:161} INFO - Started process (PID=30389) to work on /home/allisterkohn/Desktop/velib-data-airflow/dags/velib_data_pipeline.py
[2025-08-17T14:08:16.336+0200] {processor.py:830} INFO - Processing file /home/allisterkohn/Desktop/velib-data-airflow/dags/velib_data_pipeline.py for tasks to queue
[2025-08-17T14:08:16.338+0200] {logging_mixin.py:188} INFO - [2025-08-17T14:08:16.337+0200] {dagbag.py:545} INFO - Filling up the DagBag from /home/allisterkohn/Desktop/velib-data-airflow/dags/velib_data_pipeline.py
[2025-08-17T14:08:16.355+0200] {processor.py:840} INFO - DAG(s) 'velib_data_pipeline' retrieved from /home/allisterkohn/Desktop/velib-data-airflow/dags/velib_data_pipeline.py
[2025-08-17T14:08:16.482+0200] {logging_mixin.py:188} INFO - [2025-08-17T14:08:16.481+0200] {override.py:1858} INFO - Created Permission View: can read on DAG:velib_data_pipeline
[2025-08-17T14:08:16.502+0200] {logging_mixin.py:188} INFO - [2025-08-17T14:08:16.502+0200] {override.py:1858} INFO - Created Permission View: can delete on DAG:velib_data_pipeline
[2025-08-17T14:08:16.516+0200] {logging_mixin.py:188} INFO - [2025-08-17T14:08:16.515+0200] {override.py:1858} INFO - Created Permission View: can edit on DAG:velib_data_pipeline
[2025-08-17T14:08:16.516+0200] {logging_mixin.py:188} INFO - [2025-08-17T14:08:16.516+0200] {dag.py:3089} INFO - Sync 1 DAGs
[2025-08-17T14:08:16.526+0200] {logging_mixin.py:188} INFO - [2025-08-17T14:08:16.526+0200] {dag.py:3111} INFO - Creating ORM DAG for velib_data_pipeline
[2025-08-17T14:08:16.537+0200] {logging_mixin.py:188} INFO - [2025-08-17T14:08:16.537+0200] {dag.py:3947} INFO - Setting next_dagrun for velib_data_pipeline to 2025-08-17 11:45:00+00:00, run_after=2025-08-17 12:00:00+00:00
[2025-08-17T14:08:16.564+0200] {processor.py:183} INFO - Processing /home/allisterkohn/Desktop/velib-data-airflow/dags/velib_data_pipeline.py took 0.235 seconds
[2025-08-17T14:08:46.823+0200] {processor.py:161} INFO - Started process (PID=30881) to work on /home/allisterkohn/Desktop/velib-data-airflow/dags/velib_data_pipeline.py
[2025-08-17T14:08:46.824+0200] {processor.py:830} INFO - Processing file /home/allisterkohn/Desktop/velib-data-airflow/dags/velib_data_pipeline.py for tasks to queue
[2025-08-17T14:08:46.826+0200] {logging_mixin.py:188} INFO - [2025-08-17T14:08:46.826+0200] {dagbag.py:545} INFO - Filling up the DagBag from /home/allisterkohn/Desktop/velib-data-airflow/dags/velib_data_pipeline.py
[2025-08-17T14:08:46.839+0200] {processor.py:840} INFO - DAG(s) 'velib_data_pipeline' retrieved from /home/allisterkohn/Desktop/velib-data-airflow/dags/velib_data_pipeline.py
[2025-08-17T14:08:46.863+0200] {logging_mixin.py:188} INFO - [2025-08-17T14:08:46.863+0200] {dag.py:3089} INFO - Sync 1 DAGs
[2025-08-17T14:08:46.882+0200] {logging_mixin.py:188} INFO - [2025-08-17T14:08:46.882+0200] {dag.py:3947} INFO - Setting next_dagrun for velib_data_pipeline to 2025-08-17 11:45:00+00:00, run_after=2025-08-17 12:00:00+00:00
[2025-08-17T14:08:46.909+0200] {processor.py:183} INFO - Processing /home/allisterkohn/Desktop/velib-data-airflow/dags/velib_data_pipeline.py took 0.092 seconds
[2025-08-17T14:09:17.304+0200] {processor.py:161} INFO - Started process (PID=31430) to work on /home/allisterkohn/Desktop/velib-data-airflow/dags/velib_data_pipeline.py
[2025-08-17T14:09:17.305+0200] {processor.py:830} INFO - Processing file /home/allisterkohn/Desktop/velib-data-airflow/dags/velib_data_pipeline.py for tasks to queue
[2025-08-17T14:09:17.307+0200] {logging_mixin.py:188} INFO - [2025-08-17T14:09:17.307+0200] {dagbag.py:545} INFO - Filling up the DagBag from /home/allisterkohn/Desktop/velib-data-airflow/dags/velib_data_pipeline.py
[2025-08-17T14:09:17.317+0200] {processor.py:840} INFO - DAG(s) 'velib_data_pipeline' retrieved from /home/allisterkohn/Desktop/velib-data-airflow/dags/velib_data_pipeline.py
[2025-08-17T14:09:17.336+0200] {logging_mixin.py:188} INFO - [2025-08-17T14:09:17.335+0200] {dag.py:3089} INFO - Sync 1 DAGs
[2025-08-17T14:09:17.353+0200] {logging_mixin.py:188} INFO - [2025-08-17T14:09:17.352+0200] {dag.py:3947} INFO - Setting next_dagrun for velib_data_pipeline to 2025-08-17 12:00:00+00:00, run_after=2025-08-17 12:15:00+00:00
[2025-08-17T14:09:17.377+0200] {processor.py:183} INFO - Processing /home/allisterkohn/Desktop/velib-data-airflow/dags/velib_data_pipeline.py took 0.079 seconds
[2025-08-17T14:09:48.053+0200] {processor.py:161} INFO - Started process (PID=31925) to work on /home/allisterkohn/Desktop/velib-data-airflow/dags/velib_data_pipeline.py
[2025-08-17T14:09:48.054+0200] {processor.py:830} INFO - Processing file /home/allisterkohn/Desktop/velib-data-airflow/dags/velib_data_pipeline.py for tasks to queue
[2025-08-17T14:09:48.056+0200] {logging_mixin.py:188} INFO - [2025-08-17T14:09:48.056+0200] {dagbag.py:545} INFO - Filling up the DagBag from /home/allisterkohn/Desktop/velib-data-airflow/dags/velib_data_pipeline.py
[2025-08-17T14:09:48.068+0200] {processor.py:840} INFO - DAG(s) 'velib_data_pipeline' retrieved from /home/allisterkohn/Desktop/velib-data-airflow/dags/velib_data_pipeline.py
[2025-08-17T14:09:48.095+0200] {logging_mixin.py:188} INFO - [2025-08-17T14:09:48.095+0200] {dag.py:3089} INFO - Sync 1 DAGs
[2025-08-17T14:09:48.118+0200] {logging_mixin.py:188} INFO - [2025-08-17T14:09:48.118+0200] {dag.py:3947} INFO - Setting next_dagrun for velib_data_pipeline to 2025-08-17 12:00:00+00:00, run_after=2025-08-17 12:15:00+00:00
[2025-08-17T14:09:48.154+0200] {processor.py:183} INFO - Processing /home/allisterkohn/Desktop/velib-data-airflow/dags/velib_data_pipeline.py took 0.108 seconds
[2025-08-17T14:10:18.361+0200] {processor.py:161} INFO - Started process (PID=32585) to work on /home/allisterkohn/Desktop/velib-data-airflow/dags/velib_data_pipeline.py
[2025-08-17T14:10:18.361+0200] {processor.py:830} INFO - Processing file /home/allisterkohn/Desktop/velib-data-airflow/dags/velib_data_pipeline.py for tasks to queue
[2025-08-17T14:10:18.363+0200] {logging_mixin.py:188} INFO - [2025-08-17T14:10:18.363+0200] {dagbag.py:545} INFO - Filling up the DagBag from /home/allisterkohn/Desktop/velib-data-airflow/dags/velib_data_pipeline.py
[2025-08-17T14:10:18.373+0200] {processor.py:840} INFO - DAG(s) 'velib_data_pipeline' retrieved from /home/allisterkohn/Desktop/velib-data-airflow/dags/velib_data_pipeline.py
[2025-08-17T14:10:18.391+0200] {logging_mixin.py:188} INFO - [2025-08-17T14:10:18.391+0200] {dag.py:3089} INFO - Sync 1 DAGs
[2025-08-17T14:10:18.414+0200] {logging_mixin.py:188} INFO - [2025-08-17T14:10:18.414+0200] {dag.py:3947} INFO - Setting next_dagrun for velib_data_pipeline to 2025-08-17 12:00:00+00:00, run_after=2025-08-17 12:15:00+00:00
[2025-08-17T14:10:18.442+0200] {processor.py:183} INFO - Processing /home/allisterkohn/Desktop/velib-data-airflow/dags/velib_data_pipeline.py took 0.088 seconds
[2025-08-17T14:10:48.532+0200] {processor.py:161} INFO - Started process (PID=33149) to work on /home/allisterkohn/Desktop/velib-data-airflow/dags/velib_data_pipeline.py
[2025-08-17T14:10:48.533+0200] {processor.py:830} INFO - Processing file /home/allisterkohn/Desktop/velib-data-airflow/dags/velib_data_pipeline.py for tasks to queue
[2025-08-17T14:10:48.535+0200] {logging_mixin.py:188} INFO - [2025-08-17T14:10:48.535+0200] {dagbag.py:545} INFO - Filling up the DagBag from /home/allisterkohn/Desktop/velib-data-airflow/dags/velib_data_pipeline.py
[2025-08-17T14:10:48.545+0200] {processor.py:840} INFO - DAG(s) 'velib_data_pipeline' retrieved from /home/allisterkohn/Desktop/velib-data-airflow/dags/velib_data_pipeline.py
[2025-08-17T14:10:48.563+0200] {logging_mixin.py:188} INFO - [2025-08-17T14:10:48.563+0200] {dag.py:3089} INFO - Sync 1 DAGs
[2025-08-17T14:10:48.581+0200] {logging_mixin.py:188} INFO - [2025-08-17T14:10:48.580+0200] {dag.py:3947} INFO - Setting next_dagrun for velib_data_pipeline to 2025-08-17 12:00:00+00:00, run_after=2025-08-17 12:15:00+00:00
[2025-08-17T14:10:48.603+0200] {processor.py:183} INFO - Processing /home/allisterkohn/Desktop/velib-data-airflow/dags/velib_data_pipeline.py took 0.077 seconds
[2025-08-17T14:11:18.700+0200] {processor.py:161} INFO - Started process (PID=33551) to work on /home/allisterkohn/Desktop/velib-data-airflow/dags/velib_data_pipeline.py
[2025-08-17T14:11:18.702+0200] {processor.py:830} INFO - Processing file /home/allisterkohn/Desktop/velib-data-airflow/dags/velib_data_pipeline.py for tasks to queue
[2025-08-17T14:11:18.704+0200] {logging_mixin.py:188} INFO - [2025-08-17T14:11:18.703+0200] {dagbag.py:545} INFO - Filling up the DagBag from /home/allisterkohn/Desktop/velib-data-airflow/dags/velib_data_pipeline.py
[2025-08-17T14:11:18.717+0200] {processor.py:840} INFO - DAG(s) 'velib_data_pipeline' retrieved from /home/allisterkohn/Desktop/velib-data-airflow/dags/velib_data_pipeline.py
[2025-08-17T14:11:18.742+0200] {logging_mixin.py:188} INFO - [2025-08-17T14:11:18.742+0200] {dag.py:3089} INFO - Sync 1 DAGs
[2025-08-17T14:11:18.767+0200] {logging_mixin.py:188} INFO - [2025-08-17T14:11:18.766+0200] {dag.py:3947} INFO - Setting next_dagrun for velib_data_pipeline to 2025-08-17 12:00:00+00:00, run_after=2025-08-17 12:15:00+00:00
[2025-08-17T14:11:18.792+0200] {processor.py:183} INFO - Processing /home/allisterkohn/Desktop/velib-data-airflow/dags/velib_data_pipeline.py took 0.099 seconds
[2025-08-17T14:11:48.980+0200] {processor.py:161} INFO - Started process (PID=33973) to work on /home/allisterkohn/Desktop/velib-data-airflow/dags/velib_data_pipeline.py
[2025-08-17T14:11:48.981+0200] {processor.py:830} INFO - Processing file /home/allisterkohn/Desktop/velib-data-airflow/dags/velib_data_pipeline.py for tasks to queue
[2025-08-17T14:11:48.983+0200] {logging_mixin.py:188} INFO - [2025-08-17T14:11:48.983+0200] {dagbag.py:545} INFO - Filling up the DagBag from /home/allisterkohn/Desktop/velib-data-airflow/dags/velib_data_pipeline.py
[2025-08-17T14:11:48.992+0200] {processor.py:840} INFO - DAG(s) 'velib_data_pipeline' retrieved from /home/allisterkohn/Desktop/velib-data-airflow/dags/velib_data_pipeline.py
[2025-08-17T14:11:49.011+0200] {logging_mixin.py:188} INFO - [2025-08-17T14:11:49.010+0200] {dag.py:3089} INFO - Sync 1 DAGs
[2025-08-17T14:11:49.028+0200] {logging_mixin.py:188} INFO - [2025-08-17T14:11:49.028+0200] {dag.py:3947} INFO - Setting next_dagrun for velib_data_pipeline to 2025-08-17 12:00:00+00:00, run_after=2025-08-17 12:15:00+00:00
[2025-08-17T14:11:49.051+0200] {processor.py:183} INFO - Processing /home/allisterkohn/Desktop/velib-data-airflow/dags/velib_data_pipeline.py took 0.079 seconds
[2025-08-17T14:12:19.143+0200] {processor.py:161} INFO - Started process (PID=34550) to work on /home/allisterkohn/Desktop/velib-data-airflow/dags/velib_data_pipeline.py
[2025-08-17T14:12:19.144+0200] {processor.py:830} INFO - Processing file /home/allisterkohn/Desktop/velib-data-airflow/dags/velib_data_pipeline.py for tasks to queue
[2025-08-17T14:12:19.146+0200] {logging_mixin.py:188} INFO - [2025-08-17T14:12:19.145+0200] {dagbag.py:545} INFO - Filling up the DagBag from /home/allisterkohn/Desktop/velib-data-airflow/dags/velib_data_pipeline.py
[2025-08-17T14:12:19.156+0200] {processor.py:840} INFO - DAG(s) 'velib_data_pipeline' retrieved from /home/allisterkohn/Desktop/velib-data-airflow/dags/velib_data_pipeline.py
[2025-08-17T14:12:19.174+0200] {logging_mixin.py:188} INFO - [2025-08-17T14:12:19.173+0200] {dag.py:3089} INFO - Sync 1 DAGs
[2025-08-17T14:12:19.191+0200] {logging_mixin.py:188} INFO - [2025-08-17T14:12:19.191+0200] {dag.py:3947} INFO - Setting next_dagrun for velib_data_pipeline to 2025-08-17 12:00:00+00:00, run_after=2025-08-17 12:15:00+00:00
[2025-08-17T14:12:19.248+0200] {processor.py:183} INFO - Processing /home/allisterkohn/Desktop/velib-data-airflow/dags/velib_data_pipeline.py took 0.111 seconds
[2025-08-17T14:12:49.409+0200] {processor.py:161} INFO - Started process (PID=35102) to work on /home/allisterkohn/Desktop/velib-data-airflow/dags/velib_data_pipeline.py
[2025-08-17T14:12:49.410+0200] {processor.py:830} INFO - Processing file /home/allisterkohn/Desktop/velib-data-airflow/dags/velib_data_pipeline.py for tasks to queue
[2025-08-17T14:12:49.412+0200] {logging_mixin.py:188} INFO - [2025-08-17T14:12:49.411+0200] {dagbag.py:545} INFO - Filling up the DagBag from /home/allisterkohn/Desktop/velib-data-airflow/dags/velib_data_pipeline.py
[2025-08-17T14:12:49.422+0200] {processor.py:840} INFO - DAG(s) 'velib_data_pipeline' retrieved from /home/allisterkohn/Desktop/velib-data-airflow/dags/velib_data_pipeline.py
[2025-08-17T14:12:49.440+0200] {logging_mixin.py:188} INFO - [2025-08-17T14:12:49.440+0200] {dag.py:3089} INFO - Sync 1 DAGs
[2025-08-17T14:12:49.457+0200] {logging_mixin.py:188} INFO - [2025-08-17T14:12:49.457+0200] {dag.py:3947} INFO - Setting next_dagrun for velib_data_pipeline to 2025-08-17 12:00:00+00:00, run_after=2025-08-17 12:15:00+00:00
[2025-08-17T14:12:49.500+0200] {processor.py:183} INFO - Processing /home/allisterkohn/Desktop/velib-data-airflow/dags/velib_data_pipeline.py took 0.097 seconds
[2025-08-17T14:13:21.834+0200] {processor.py:161} INFO - Started process (PID=36085) to work on /home/allisterkohn/Desktop/velib-data-airflow/dags/velib_data_pipeline.py
[2025-08-17T14:13:21.836+0200] {processor.py:830} INFO - Processing file /home/allisterkohn/Desktop/velib-data-airflow/dags/velib_data_pipeline.py for tasks to queue
[2025-08-17T14:13:21.838+0200] {logging_mixin.py:188} INFO - [2025-08-17T14:13:21.838+0200] {dagbag.py:545} INFO - Filling up the DagBag from /home/allisterkohn/Desktop/velib-data-airflow/dags/velib_data_pipeline.py
[2025-08-17T14:13:21.848+0200] {processor.py:840} INFO - DAG(s) 'velib_data_pipeline' retrieved from /home/allisterkohn/Desktop/velib-data-airflow/dags/velib_data_pipeline.py
[2025-08-17T14:13:21.867+0200] {logging_mixin.py:188} INFO - [2025-08-17T14:13:21.867+0200] {dag.py:3089} INFO - Sync 1 DAGs
[2025-08-17T14:13:21.884+0200] {logging_mixin.py:188} INFO - [2025-08-17T14:13:21.884+0200] {dag.py:3947} INFO - Setting next_dagrun for velib_data_pipeline to 2025-08-17 12:00:00+00:00, run_after=2025-08-17 12:15:00+00:00
[2025-08-17T14:13:21.920+0200] {processor.py:183} INFO - Processing /home/allisterkohn/Desktop/velib-data-airflow/dags/velib_data_pipeline.py took 0.092 seconds
[2025-08-17T14:13:52.627+0200] {processor.py:161} INFO - Started process (PID=37253) to work on /home/allisterkohn/Desktop/velib-data-airflow/dags/velib_data_pipeline.py
[2025-08-17T14:13:52.628+0200] {processor.py:830} INFO - Processing file /home/allisterkohn/Desktop/velib-data-airflow/dags/velib_data_pipeline.py for tasks to queue
[2025-08-17T14:13:52.630+0200] {logging_mixin.py:188} INFO - [2025-08-17T14:13:52.630+0200] {dagbag.py:545} INFO - Filling up the DagBag from /home/allisterkohn/Desktop/velib-data-airflow/dags/velib_data_pipeline.py
[2025-08-17T14:13:52.640+0200] {processor.py:840} INFO - DAG(s) 'velib_data_pipeline' retrieved from /home/allisterkohn/Desktop/velib-data-airflow/dags/velib_data_pipeline.py
[2025-08-17T14:13:52.660+0200] {logging_mixin.py:188} INFO - [2025-08-17T14:13:52.659+0200] {dag.py:3089} INFO - Sync 1 DAGs
[2025-08-17T14:13:52.678+0200] {logging_mixin.py:188} INFO - [2025-08-17T14:13:52.677+0200] {dag.py:3947} INFO - Setting next_dagrun for velib_data_pipeline to 2025-08-17 12:00:00+00:00, run_after=2025-08-17 12:15:00+00:00
[2025-08-17T14:13:52.701+0200] {processor.py:183} INFO - Processing /home/allisterkohn/Desktop/velib-data-airflow/dags/velib_data_pipeline.py took 0.079 seconds
[2025-08-17T14:14:23.321+0200] {processor.py:161} INFO - Started process (PID=37669) to work on /home/allisterkohn/Desktop/velib-data-airflow/dags/velib_data_pipeline.py
[2025-08-17T14:14:23.323+0200] {processor.py:830} INFO - Processing file /home/allisterkohn/Desktop/velib-data-airflow/dags/velib_data_pipeline.py for tasks to queue
[2025-08-17T14:14:23.325+0200] {logging_mixin.py:188} INFO - [2025-08-17T14:14:23.325+0200] {dagbag.py:545} INFO - Filling up the DagBag from /home/allisterkohn/Desktop/velib-data-airflow/dags/velib_data_pipeline.py
[2025-08-17T14:14:23.335+0200] {processor.py:840} INFO - DAG(s) 'velib_data_pipeline' retrieved from /home/allisterkohn/Desktop/velib-data-airflow/dags/velib_data_pipeline.py
[2025-08-17T14:14:23.354+0200] {logging_mixin.py:188} INFO - [2025-08-17T14:14:23.354+0200] {dag.py:3089} INFO - Sync 1 DAGs
[2025-08-17T14:14:23.373+0200] {logging_mixin.py:188} INFO - [2025-08-17T14:14:23.372+0200] {dag.py:3947} INFO - Setting next_dagrun for velib_data_pipeline to 2025-08-17 12:00:00+00:00, run_after=2025-08-17 12:15:00+00:00
[2025-08-17T14:14:23.533+0200] {processor.py:183} INFO - Processing /home/allisterkohn/Desktop/velib-data-airflow/dags/velib_data_pipeline.py took 0.217 seconds
[2025-08-17T14:14:56.002+0200] {processor.py:161} INFO - Started process (PID=38617) to work on /home/allisterkohn/Desktop/velib-data-airflow/dags/velib_data_pipeline.py
[2025-08-17T14:14:56.003+0200] {processor.py:830} INFO - Processing file /home/allisterkohn/Desktop/velib-data-airflow/dags/velib_data_pipeline.py for tasks to queue
[2025-08-17T14:14:56.005+0200] {logging_mixin.py:188} INFO - [2025-08-17T14:14:56.004+0200] {dagbag.py:545} INFO - Filling up the DagBag from /home/allisterkohn/Desktop/velib-data-airflow/dags/velib_data_pipeline.py
[2025-08-17T14:14:56.015+0200] {processor.py:840} INFO - DAG(s) 'velib_data_pipeline' retrieved from /home/allisterkohn/Desktop/velib-data-airflow/dags/velib_data_pipeline.py
[2025-08-17T14:14:56.033+0200] {logging_mixin.py:188} INFO - [2025-08-17T14:14:56.033+0200] {dag.py:3089} INFO - Sync 1 DAGs
[2025-08-17T14:14:56.052+0200] {logging_mixin.py:188} INFO - [2025-08-17T14:14:56.052+0200] {dag.py:3947} INFO - Setting next_dagrun for velib_data_pipeline to 2025-08-17 12:00:00+00:00, run_after=2025-08-17 12:15:00+00:00
[2025-08-17T14:14:56.680+0200] {processor.py:183} INFO - Processing /home/allisterkohn/Desktop/velib-data-airflow/dags/velib_data_pipeline.py took 0.683 seconds
[2025-08-17T14:15:26.884+0200] {processor.py:161} INFO - Started process (PID=39015) to work on /home/allisterkohn/Desktop/velib-data-airflow/dags/velib_data_pipeline.py
[2025-08-17T14:15:26.885+0200] {processor.py:830} INFO - Processing file /home/allisterkohn/Desktop/velib-data-airflow/dags/velib_data_pipeline.py for tasks to queue
[2025-08-17T14:15:26.888+0200] {logging_mixin.py:188} INFO - [2025-08-17T14:15:26.888+0200] {dagbag.py:545} INFO - Filling up the DagBag from /home/allisterkohn/Desktop/velib-data-airflow/dags/velib_data_pipeline.py
[2025-08-17T14:15:26.908+0200] {processor.py:840} INFO - DAG(s) 'velib_data_pipeline' retrieved from /home/allisterkohn/Desktop/velib-data-airflow/dags/velib_data_pipeline.py
[2025-08-17T14:15:26.933+0200] {logging_mixin.py:188} INFO - [2025-08-17T14:15:26.932+0200] {dag.py:3089} INFO - Sync 1 DAGs
[2025-08-17T14:15:27.079+0200] {logging_mixin.py:188} INFO - [2025-08-17T14:15:27.079+0200] {dag.py:3947} INFO - Setting next_dagrun for velib_data_pipeline to 2025-08-17 12:15:00+00:00, run_after=2025-08-17 12:30:00+00:00
[2025-08-17T14:15:27.106+0200] {processor.py:183} INFO - Processing /home/allisterkohn/Desktop/velib-data-airflow/dags/velib_data_pipeline.py took 0.233 seconds
[2025-08-17T14:15:57.973+0200] {processor.py:161} INFO - Started process (PID=39798) to work on /home/allisterkohn/Desktop/velib-data-airflow/dags/velib_data_pipeline.py
[2025-08-17T14:15:57.975+0200] {processor.py:830} INFO - Processing file /home/allisterkohn/Desktop/velib-data-airflow/dags/velib_data_pipeline.py for tasks to queue
[2025-08-17T14:15:57.976+0200] {logging_mixin.py:188} INFO - [2025-08-17T14:15:57.976+0200] {dagbag.py:545} INFO - Filling up the DagBag from /home/allisterkohn/Desktop/velib-data-airflow/dags/velib_data_pipeline.py
[2025-08-17T14:15:57.987+0200] {processor.py:840} INFO - DAG(s) 'velib_data_pipeline' retrieved from /home/allisterkohn/Desktop/velib-data-airflow/dags/velib_data_pipeline.py
[2025-08-17T14:15:58.009+0200] {logging_mixin.py:188} INFO - [2025-08-17T14:15:58.008+0200] {dag.py:3089} INFO - Sync 1 DAGs
[2025-08-17T14:15:58.144+0200] {logging_mixin.py:188} INFO - [2025-08-17T14:15:58.144+0200] {dag.py:3947} INFO - Setting next_dagrun for velib_data_pipeline to 2025-08-17 12:15:00+00:00, run_after=2025-08-17 12:30:00+00:00
[2025-08-17T14:15:58.169+0200] {processor.py:183} INFO - Processing /home/allisterkohn/Desktop/velib-data-airflow/dags/velib_data_pipeline.py took 0.202 seconds
[2025-08-17T14:16:29.080+0200] {processor.py:161} INFO - Started process (PID=40430) to work on /home/allisterkohn/Desktop/velib-data-airflow/dags/velib_data_pipeline.py
[2025-08-17T14:16:29.082+0200] {processor.py:830} INFO - Processing file /home/allisterkohn/Desktop/velib-data-airflow/dags/velib_data_pipeline.py for tasks to queue
[2025-08-17T14:16:29.084+0200] {logging_mixin.py:188} INFO - [2025-08-17T14:16:29.084+0200] {dagbag.py:545} INFO - Filling up the DagBag from /home/allisterkohn/Desktop/velib-data-airflow/dags/velib_data_pipeline.py
[2025-08-17T14:16:29.095+0200] {processor.py:840} INFO - DAG(s) 'velib_data_pipeline' retrieved from /home/allisterkohn/Desktop/velib-data-airflow/dags/velib_data_pipeline.py
[2025-08-17T14:16:29.240+0200] {logging_mixin.py:188} INFO - [2025-08-17T14:16:29.240+0200] {dag.py:3089} INFO - Sync 1 DAGs
[2025-08-17T14:16:29.261+0200] {logging_mixin.py:188} INFO - [2025-08-17T14:16:29.261+0200] {dag.py:3947} INFO - Setting next_dagrun for velib_data_pipeline to 2025-08-17 12:15:00+00:00, run_after=2025-08-17 12:30:00+00:00
[2025-08-17T14:16:29.290+0200] {processor.py:183} INFO - Processing /home/allisterkohn/Desktop/velib-data-airflow/dags/velib_data_pipeline.py took 0.217 seconds
[2025-08-17T14:16:59.582+0200] {processor.py:161} INFO - Started process (PID=41067) to work on /home/allisterkohn/Desktop/velib-data-airflow/dags/velib_data_pipeline.py
[2025-08-17T14:16:59.583+0200] {processor.py:830} INFO - Processing file /home/allisterkohn/Desktop/velib-data-airflow/dags/velib_data_pipeline.py for tasks to queue
[2025-08-17T14:16:59.585+0200] {logging_mixin.py:188} INFO - [2025-08-17T14:16:59.584+0200] {dagbag.py:545} INFO - Filling up the DagBag from /home/allisterkohn/Desktop/velib-data-airflow/dags/velib_data_pipeline.py
[2025-08-17T14:16:59.595+0200] {processor.py:840} INFO - DAG(s) 'velib_data_pipeline' retrieved from /home/allisterkohn/Desktop/velib-data-airflow/dags/velib_data_pipeline.py
[2025-08-17T14:16:59.743+0200] {logging_mixin.py:188} INFO - [2025-08-17T14:16:59.743+0200] {dag.py:3089} INFO - Sync 1 DAGs
[2025-08-17T14:16:59.758+0200] {logging_mixin.py:188} INFO - [2025-08-17T14:16:59.758+0200] {dag.py:3947} INFO - Setting next_dagrun for velib_data_pipeline to 2025-08-17 12:15:00+00:00, run_after=2025-08-17 12:30:00+00:00
[2025-08-17T14:16:59.782+0200] {processor.py:183} INFO - Processing /home/allisterkohn/Desktop/velib-data-airflow/dags/velib_data_pipeline.py took 0.206 seconds
[2025-08-17T14:17:30.157+0200] {processor.py:161} INFO - Started process (PID=41629) to work on /home/allisterkohn/Desktop/velib-data-airflow/dags/velib_data_pipeline.py
[2025-08-17T14:17:30.159+0200] {processor.py:830} INFO - Processing file /home/allisterkohn/Desktop/velib-data-airflow/dags/velib_data_pipeline.py for tasks to queue
[2025-08-17T14:17:30.161+0200] {logging_mixin.py:188} INFO - [2025-08-17T14:17:30.160+0200] {dagbag.py:545} INFO - Filling up the DagBag from /home/allisterkohn/Desktop/velib-data-airflow/dags/velib_data_pipeline.py
[2025-08-17T14:17:30.286+0200] {processor.py:840} INFO - DAG(s) 'velib_data_pipeline' retrieved from /home/allisterkohn/Desktop/velib-data-airflow/dags/velib_data_pipeline.py
[2025-08-17T14:17:30.300+0200] {logging_mixin.py:188} INFO - [2025-08-17T14:17:30.300+0200] {dag.py:3089} INFO - Sync 1 DAGs
[2025-08-17T14:17:30.316+0200] {logging_mixin.py:188} INFO - [2025-08-17T14:17:30.316+0200] {dag.py:3947} INFO - Setting next_dagrun for velib_data_pipeline to 2025-08-17 12:15:00+00:00, run_after=2025-08-17 12:30:00+00:00
[2025-08-17T14:17:30.352+0200] {processor.py:183} INFO - Processing /home/allisterkohn/Desktop/velib-data-airflow/dags/velib_data_pipeline.py took 0.200 seconds
[2025-08-17T14:18:00.489+0200] {processor.py:161} INFO - Started process (PID=42240) to work on /home/allisterkohn/Desktop/velib-data-airflow/dags/velib_data_pipeline.py
[2025-08-17T14:18:00.491+0200] {processor.py:830} INFO - Processing file /home/allisterkohn/Desktop/velib-data-airflow/dags/velib_data_pipeline.py for tasks to queue
[2025-08-17T14:18:00.493+0200] {logging_mixin.py:188} INFO - [2025-08-17T14:18:00.493+0200] {dagbag.py:545} INFO - Filling up the DagBag from /home/allisterkohn/Desktop/velib-data-airflow/dags/velib_data_pipeline.py
[2025-08-17T14:18:00.505+0200] {processor.py:840} INFO - DAG(s) 'velib_data_pipeline' retrieved from /home/allisterkohn/Desktop/velib-data-airflow/dags/velib_data_pipeline.py
[2025-08-17T14:18:00.541+0200] {logging_mixin.py:188} INFO - [2025-08-17T14:18:00.541+0200] {dag.py:3089} INFO - Sync 1 DAGs
[2025-08-17T14:18:00.566+0200] {logging_mixin.py:188} INFO - [2025-08-17T14:18:00.566+0200] {dag.py:3947} INFO - Setting next_dagrun for velib_data_pipeline to 2025-08-17 12:15:00+00:00, run_after=2025-08-17 12:30:00+00:00
[2025-08-17T14:18:00.593+0200] {processor.py:183} INFO - Processing /home/allisterkohn/Desktop/velib-data-airflow/dags/velib_data_pipeline.py took 0.112 seconds
[2025-08-17T14:18:30.803+0200] {processor.py:161} INFO - Started process (PID=42827) to work on /home/allisterkohn/Desktop/velib-data-airflow/dags/velib_data_pipeline.py
[2025-08-17T14:18:30.803+0200] {processor.py:830} INFO - Processing file /home/allisterkohn/Desktop/velib-data-airflow/dags/velib_data_pipeline.py for tasks to queue
[2025-08-17T14:18:30.805+0200] {logging_mixin.py:188} INFO - [2025-08-17T14:18:30.805+0200] {dagbag.py:545} INFO - Filling up the DagBag from /home/allisterkohn/Desktop/velib-data-airflow/dags/velib_data_pipeline.py
[2025-08-17T14:18:30.815+0200] {processor.py:840} INFO - DAG(s) 'velib_data_pipeline' retrieved from /home/allisterkohn/Desktop/velib-data-airflow/dags/velib_data_pipeline.py
[2025-08-17T14:18:30.834+0200] {logging_mixin.py:188} INFO - [2025-08-17T14:18:30.834+0200] {dag.py:3089} INFO - Sync 1 DAGs
[2025-08-17T14:18:30.852+0200] {logging_mixin.py:188} INFO - [2025-08-17T14:18:30.851+0200] {dag.py:3947} INFO - Setting next_dagrun for velib_data_pipeline to 2025-08-17 12:15:00+00:00, run_after=2025-08-17 12:30:00+00:00
[2025-08-17T14:18:30.875+0200] {processor.py:183} INFO - Processing /home/allisterkohn/Desktop/velib-data-airflow/dags/velib_data_pipeline.py took 0.079 seconds
[2025-08-17T14:19:00.999+0200] {processor.py:161} INFO - Started process (PID=43386) to work on /home/allisterkohn/Desktop/velib-data-airflow/dags/velib_data_pipeline.py
[2025-08-17T14:19:01.000+0200] {processor.py:830} INFO - Processing file /home/allisterkohn/Desktop/velib-data-airflow/dags/velib_data_pipeline.py for tasks to queue
[2025-08-17T14:19:01.002+0200] {logging_mixin.py:188} INFO - [2025-08-17T14:19:01.002+0200] {dagbag.py:545} INFO - Filling up the DagBag from /home/allisterkohn/Desktop/velib-data-airflow/dags/velib_data_pipeline.py
[2025-08-17T14:19:01.015+0200] {processor.py:840} INFO - DAG(s) 'velib_data_pipeline' retrieved from /home/allisterkohn/Desktop/velib-data-airflow/dags/velib_data_pipeline.py
[2025-08-17T14:19:01.037+0200] {logging_mixin.py:188} INFO - [2025-08-17T14:19:01.037+0200] {dag.py:3089} INFO - Sync 1 DAGs
[2025-08-17T14:19:01.059+0200] {logging_mixin.py:188} INFO - [2025-08-17T14:19:01.059+0200] {dag.py:3947} INFO - Setting next_dagrun for velib_data_pipeline to 2025-08-17 12:15:00+00:00, run_after=2025-08-17 12:30:00+00:00
[2025-08-17T14:19:01.081+0200] {processor.py:183} INFO - Processing /home/allisterkohn/Desktop/velib-data-airflow/dags/velib_data_pipeline.py took 0.089 seconds
[2025-08-17T14:19:31.203+0200] {processor.py:161} INFO - Started process (PID=43821) to work on /home/allisterkohn/Desktop/velib-data-airflow/dags/velib_data_pipeline.py
[2025-08-17T14:19:31.204+0200] {processor.py:830} INFO - Processing file /home/allisterkohn/Desktop/velib-data-airflow/dags/velib_data_pipeline.py for tasks to queue
[2025-08-17T14:19:31.205+0200] {logging_mixin.py:188} INFO - [2025-08-17T14:19:31.205+0200] {dagbag.py:545} INFO - Filling up the DagBag from /home/allisterkohn/Desktop/velib-data-airflow/dags/velib_data_pipeline.py
[2025-08-17T14:19:31.215+0200] {processor.py:840} INFO - DAG(s) 'velib_data_pipeline' retrieved from /home/allisterkohn/Desktop/velib-data-airflow/dags/velib_data_pipeline.py
[2025-08-17T14:19:31.233+0200] {logging_mixin.py:188} INFO - [2025-08-17T14:19:31.233+0200] {dag.py:3089} INFO - Sync 1 DAGs
[2025-08-17T14:19:31.256+0200] {logging_mixin.py:188} INFO - [2025-08-17T14:19:31.256+0200] {dag.py:3947} INFO - Setting next_dagrun for velib_data_pipeline to 2025-08-17 12:15:00+00:00, run_after=2025-08-17 12:30:00+00:00
[2025-08-17T14:19:31.287+0200] {processor.py:183} INFO - Processing /home/allisterkohn/Desktop/velib-data-airflow/dags/velib_data_pipeline.py took 0.091 seconds
[2025-08-17T14:20:01.417+0200] {processor.py:161} INFO - Started process (PID=44283) to work on /home/allisterkohn/Desktop/velib-data-airflow/dags/velib_data_pipeline.py
[2025-08-17T14:20:01.418+0200] {processor.py:830} INFO - Processing file /home/allisterkohn/Desktop/velib-data-airflow/dags/velib_data_pipeline.py for tasks to queue
[2025-08-17T14:20:01.420+0200] {logging_mixin.py:188} INFO - [2025-08-17T14:20:01.420+0200] {dagbag.py:545} INFO - Filling up the DagBag from /home/allisterkohn/Desktop/velib-data-airflow/dags/velib_data_pipeline.py
[2025-08-17T14:20:01.433+0200] {processor.py:840} INFO - DAG(s) 'velib_data_pipeline' retrieved from /home/allisterkohn/Desktop/velib-data-airflow/dags/velib_data_pipeline.py
[2025-08-17T14:20:01.459+0200] {logging_mixin.py:188} INFO - [2025-08-17T14:20:01.459+0200] {dag.py:3089} INFO - Sync 1 DAGs
[2025-08-17T14:20:01.490+0200] {logging_mixin.py:188} INFO - [2025-08-17T14:20:01.490+0200] {dag.py:3947} INFO - Setting next_dagrun for velib_data_pipeline to 2025-08-17 12:15:00+00:00, run_after=2025-08-17 12:30:00+00:00
[2025-08-17T14:20:01.526+0200] {processor.py:183} INFO - Processing /home/allisterkohn/Desktop/velib-data-airflow/dags/velib_data_pipeline.py took 0.116 seconds
[2025-08-17T14:20:31.713+0200] {processor.py:161} INFO - Started process (PID=44652) to work on /home/allisterkohn/Desktop/velib-data-airflow/dags/velib_data_pipeline.py
[2025-08-17T14:20:31.714+0200] {processor.py:830} INFO - Processing file /home/allisterkohn/Desktop/velib-data-airflow/dags/velib_data_pipeline.py for tasks to queue
[2025-08-17T14:20:31.716+0200] {logging_mixin.py:188} INFO - [2025-08-17T14:20:31.716+0200] {dagbag.py:545} INFO - Filling up the DagBag from /home/allisterkohn/Desktop/velib-data-airflow/dags/velib_data_pipeline.py
[2025-08-17T14:20:31.726+0200] {processor.py:840} INFO - DAG(s) 'velib_data_pipeline' retrieved from /home/allisterkohn/Desktop/velib-data-airflow/dags/velib_data_pipeline.py
[2025-08-17T14:20:31.746+0200] {logging_mixin.py:188} INFO - [2025-08-17T14:20:31.746+0200] {dag.py:3089} INFO - Sync 1 DAGs
[2025-08-17T14:20:31.764+0200] {logging_mixin.py:188} INFO - [2025-08-17T14:20:31.764+0200] {dag.py:3947} INFO - Setting next_dagrun for velib_data_pipeline to 2025-08-17 12:15:00+00:00, run_after=2025-08-17 12:30:00+00:00
[2025-08-17T14:20:31.792+0200] {processor.py:183} INFO - Processing /home/allisterkohn/Desktop/velib-data-airflow/dags/velib_data_pipeline.py took 0.086 seconds
[2025-08-17T14:21:01.915+0200] {processor.py:161} INFO - Started process (PID=45075) to work on /home/allisterkohn/Desktop/velib-data-airflow/dags/velib_data_pipeline.py
[2025-08-17T14:21:01.920+0200] {processor.py:830} INFO - Processing file /home/allisterkohn/Desktop/velib-data-airflow/dags/velib_data_pipeline.py for tasks to queue
[2025-08-17T14:21:01.922+0200] {logging_mixin.py:188} INFO - [2025-08-17T14:21:01.922+0200] {dagbag.py:545} INFO - Filling up the DagBag from /home/allisterkohn/Desktop/velib-data-airflow/dags/velib_data_pipeline.py
[2025-08-17T14:21:01.936+0200] {processor.py:840} INFO - DAG(s) 'velib_data_pipeline' retrieved from /home/allisterkohn/Desktop/velib-data-airflow/dags/velib_data_pipeline.py
[2025-08-17T14:21:01.959+0200] {logging_mixin.py:188} INFO - [2025-08-17T14:21:01.959+0200] {dag.py:3089} INFO - Sync 1 DAGs
[2025-08-17T14:21:01.980+0200] {logging_mixin.py:188} INFO - [2025-08-17T14:21:01.980+0200] {dag.py:3947} INFO - Setting next_dagrun for velib_data_pipeline to 2025-08-17 12:15:00+00:00, run_after=2025-08-17 12:30:00+00:00
[2025-08-17T14:21:02.038+0200] {processor.py:183} INFO - Processing /home/allisterkohn/Desktop/velib-data-airflow/dags/velib_data_pipeline.py took 0.130 seconds
[2025-08-17T14:21:32.206+0200] {processor.py:161} INFO - Started process (PID=45465) to work on /home/allisterkohn/Desktop/velib-data-airflow/dags/velib_data_pipeline.py
[2025-08-17T14:21:32.208+0200] {processor.py:830} INFO - Processing file /home/allisterkohn/Desktop/velib-data-airflow/dags/velib_data_pipeline.py for tasks to queue
[2025-08-17T14:21:32.210+0200] {logging_mixin.py:188} INFO - [2025-08-17T14:21:32.210+0200] {dagbag.py:545} INFO - Filling up the DagBag from /home/allisterkohn/Desktop/velib-data-airflow/dags/velib_data_pipeline.py
[2025-08-17T14:21:32.220+0200] {processor.py:840} INFO - DAG(s) 'velib_data_pipeline' retrieved from /home/allisterkohn/Desktop/velib-data-airflow/dags/velib_data_pipeline.py
[2025-08-17T14:21:32.239+0200] {logging_mixin.py:188} INFO - [2025-08-17T14:21:32.239+0200] {dag.py:3089} INFO - Sync 1 DAGs
[2025-08-17T14:21:32.257+0200] {logging_mixin.py:188} INFO - [2025-08-17T14:21:32.257+0200] {dag.py:3947} INFO - Setting next_dagrun for velib_data_pipeline to 2025-08-17 12:15:00+00:00, run_after=2025-08-17 12:30:00+00:00
[2025-08-17T14:21:32.280+0200] {processor.py:183} INFO - Processing /home/allisterkohn/Desktop/velib-data-airflow/dags/velib_data_pipeline.py took 0.080 seconds
[2025-08-17T14:22:02.409+0200] {processor.py:161} INFO - Started process (PID=45873) to work on /home/allisterkohn/Desktop/velib-data-airflow/dags/velib_data_pipeline.py
[2025-08-17T14:22:02.410+0200] {processor.py:830} INFO - Processing file /home/allisterkohn/Desktop/velib-data-airflow/dags/velib_data_pipeline.py for tasks to queue
[2025-08-17T14:22:02.412+0200] {logging_mixin.py:188} INFO - [2025-08-17T14:22:02.412+0200] {dagbag.py:545} INFO - Filling up the DagBag from /home/allisterkohn/Desktop/velib-data-airflow/dags/velib_data_pipeline.py
[2025-08-17T14:22:02.423+0200] {processor.py:840} INFO - DAG(s) 'velib_data_pipeline' retrieved from /home/allisterkohn/Desktop/velib-data-airflow/dags/velib_data_pipeline.py
[2025-08-17T14:22:02.442+0200] {logging_mixin.py:188} INFO - [2025-08-17T14:22:02.442+0200] {dag.py:3089} INFO - Sync 1 DAGs
[2025-08-17T14:22:02.460+0200] {logging_mixin.py:188} INFO - [2025-08-17T14:22:02.459+0200] {dag.py:3947} INFO - Setting next_dagrun for velib_data_pipeline to 2025-08-17 12:15:00+00:00, run_after=2025-08-17 12:30:00+00:00
[2025-08-17T14:22:02.484+0200] {processor.py:183} INFO - Processing /home/allisterkohn/Desktop/velib-data-airflow/dags/velib_data_pipeline.py took 0.081 seconds
[2025-08-17T14:22:32.574+0200] {processor.py:161} INFO - Started process (PID=46276) to work on /home/allisterkohn/Desktop/velib-data-airflow/dags/velib_data_pipeline.py
[2025-08-17T14:22:32.576+0200] {processor.py:830} INFO - Processing file /home/allisterkohn/Desktop/velib-data-airflow/dags/velib_data_pipeline.py for tasks to queue
[2025-08-17T14:22:32.578+0200] {logging_mixin.py:188} INFO - [2025-08-17T14:22:32.577+0200] {dagbag.py:545} INFO - Filling up the DagBag from /home/allisterkohn/Desktop/velib-data-airflow/dags/velib_data_pipeline.py
[2025-08-17T14:22:32.590+0200] {processor.py:840} INFO - DAG(s) 'velib_data_pipeline' retrieved from /home/allisterkohn/Desktop/velib-data-airflow/dags/velib_data_pipeline.py
[2025-08-17T14:22:32.615+0200] {logging_mixin.py:188} INFO - [2025-08-17T14:22:32.614+0200] {dag.py:3089} INFO - Sync 1 DAGs
[2025-08-17T14:22:32.635+0200] {logging_mixin.py:188} INFO - [2025-08-17T14:22:32.635+0200] {dag.py:3947} INFO - Setting next_dagrun for velib_data_pipeline to 2025-08-17 12:15:00+00:00, run_after=2025-08-17 12:30:00+00:00
[2025-08-17T14:22:32.664+0200] {processor.py:183} INFO - Processing /home/allisterkohn/Desktop/velib-data-airflow/dags/velib_data_pipeline.py took 0.098 seconds
[2025-08-17T14:23:02.839+0200] {processor.py:161} INFO - Started process (PID=46705) to work on /home/allisterkohn/Desktop/velib-data-airflow/dags/velib_data_pipeline.py
[2025-08-17T14:23:02.840+0200] {processor.py:830} INFO - Processing file /home/allisterkohn/Desktop/velib-data-airflow/dags/velib_data_pipeline.py for tasks to queue
[2025-08-17T14:23:02.842+0200] {logging_mixin.py:188} INFO - [2025-08-17T14:23:02.842+0200] {dagbag.py:545} INFO - Filling up the DagBag from /home/allisterkohn/Desktop/velib-data-airflow/dags/velib_data_pipeline.py
[2025-08-17T14:23:02.852+0200] {processor.py:840} INFO - DAG(s) 'velib_data_pipeline' retrieved from /home/allisterkohn/Desktop/velib-data-airflow/dags/velib_data_pipeline.py
[2025-08-17T14:23:02.871+0200] {logging_mixin.py:188} INFO - [2025-08-17T14:23:02.871+0200] {dag.py:3089} INFO - Sync 1 DAGs
[2025-08-17T14:23:02.891+0200] {logging_mixin.py:188} INFO - [2025-08-17T14:23:02.890+0200] {dag.py:3947} INFO - Setting next_dagrun for velib_data_pipeline to 2025-08-17 12:15:00+00:00, run_after=2025-08-17 12:30:00+00:00
[2025-08-17T14:23:02.914+0200] {processor.py:183} INFO - Processing /home/allisterkohn/Desktop/velib-data-airflow/dags/velib_data_pipeline.py took 0.082 seconds
[2025-08-17T14:23:33.117+0200] {processor.py:161} INFO - Started process (PID=47106) to work on /home/allisterkohn/Desktop/velib-data-airflow/dags/velib_data_pipeline.py
[2025-08-17T14:23:33.117+0200] {processor.py:830} INFO - Processing file /home/allisterkohn/Desktop/velib-data-airflow/dags/velib_data_pipeline.py for tasks to queue
[2025-08-17T14:23:33.119+0200] {logging_mixin.py:188} INFO - [2025-08-17T14:23:33.119+0200] {dagbag.py:545} INFO - Filling up the DagBag from /home/allisterkohn/Desktop/velib-data-airflow/dags/velib_data_pipeline.py
[2025-08-17T14:23:33.129+0200] {processor.py:840} INFO - DAG(s) 'velib_data_pipeline' retrieved from /home/allisterkohn/Desktop/velib-data-airflow/dags/velib_data_pipeline.py
[2025-08-17T14:23:33.148+0200] {logging_mixin.py:188} INFO - [2025-08-17T14:23:33.148+0200] {dag.py:3089} INFO - Sync 1 DAGs
[2025-08-17T14:23:33.166+0200] {logging_mixin.py:188} INFO - [2025-08-17T14:23:33.166+0200] {dag.py:3947} INFO - Setting next_dagrun for velib_data_pipeline to 2025-08-17 12:15:00+00:00, run_after=2025-08-17 12:30:00+00:00
[2025-08-17T14:23:33.189+0200] {processor.py:183} INFO - Processing /home/allisterkohn/Desktop/velib-data-airflow/dags/velib_data_pipeline.py took 0.079 seconds
[2025-08-17T14:24:03.220+0200] {processor.py:161} INFO - Started process (PID=47573) to work on /home/allisterkohn/Desktop/velib-data-airflow/dags/velib_data_pipeline.py
[2025-08-17T14:24:03.224+0200] {processor.py:830} INFO - Processing file /home/allisterkohn/Desktop/velib-data-airflow/dags/velib_data_pipeline.py for tasks to queue
[2025-08-17T14:24:03.229+0200] {logging_mixin.py:188} INFO - [2025-08-17T14:24:03.228+0200] {dagbag.py:545} INFO - Filling up the DagBag from /home/allisterkohn/Desktop/velib-data-airflow/dags/velib_data_pipeline.py
[2025-08-17T14:24:03.243+0200] {processor.py:840} INFO - DAG(s) 'velib_data_pipeline' retrieved from /home/allisterkohn/Desktop/velib-data-airflow/dags/velib_data_pipeline.py
[2025-08-17T14:24:03.280+0200] {logging_mixin.py:188} INFO - [2025-08-17T14:24:03.279+0200] {dag.py:3089} INFO - Sync 1 DAGs
[2025-08-17T14:24:03.309+0200] {logging_mixin.py:188} INFO - [2025-08-17T14:24:03.307+0200] {dag.py:3947} INFO - Setting next_dagrun for velib_data_pipeline to 2025-08-17 12:15:00+00:00, run_after=2025-08-17 12:30:00+00:00
[2025-08-17T14:24:03.348+0200] {processor.py:183} INFO - Processing /home/allisterkohn/Desktop/velib-data-airflow/dags/velib_data_pipeline.py took 0.134 seconds
[2025-08-17T14:24:33.492+0200] {processor.py:161} INFO - Started process (PID=47934) to work on /home/allisterkohn/Desktop/velib-data-airflow/dags/velib_data_pipeline.py
[2025-08-17T14:24:33.493+0200] {processor.py:830} INFO - Processing file /home/allisterkohn/Desktop/velib-data-airflow/dags/velib_data_pipeline.py for tasks to queue
[2025-08-17T14:24:33.495+0200] {logging_mixin.py:188} INFO - [2025-08-17T14:24:33.494+0200] {dagbag.py:545} INFO - Filling up the DagBag from /home/allisterkohn/Desktop/velib-data-airflow/dags/velib_data_pipeline.py
[2025-08-17T14:24:33.504+0200] {processor.py:840} INFO - DAG(s) 'velib_data_pipeline' retrieved from /home/allisterkohn/Desktop/velib-data-airflow/dags/velib_data_pipeline.py
[2025-08-17T14:24:33.524+0200] {logging_mixin.py:188} INFO - [2025-08-17T14:24:33.523+0200] {dag.py:3089} INFO - Sync 1 DAGs
[2025-08-17T14:24:33.541+0200] {logging_mixin.py:188} INFO - [2025-08-17T14:24:33.541+0200] {dag.py:3947} INFO - Setting next_dagrun for velib_data_pipeline to 2025-08-17 12:15:00+00:00, run_after=2025-08-17 12:30:00+00:00
[2025-08-17T14:24:33.565+0200] {processor.py:183} INFO - Processing /home/allisterkohn/Desktop/velib-data-airflow/dags/velib_data_pipeline.py took 0.078 seconds
[2025-08-17T14:25:03.692+0200] {processor.py:161} INFO - Started process (PID=48464) to work on /home/allisterkohn/Desktop/velib-data-airflow/dags/velib_data_pipeline.py
[2025-08-17T14:25:03.693+0200] {processor.py:830} INFO - Processing file /home/allisterkohn/Desktop/velib-data-airflow/dags/velib_data_pipeline.py for tasks to queue
[2025-08-17T14:25:03.694+0200] {logging_mixin.py:188} INFO - [2025-08-17T14:25:03.694+0200] {dagbag.py:545} INFO - Filling up the DagBag from /home/allisterkohn/Desktop/velib-data-airflow/dags/velib_data_pipeline.py
[2025-08-17T14:25:03.704+0200] {processor.py:840} INFO - DAG(s) 'velib_data_pipeline' retrieved from /home/allisterkohn/Desktop/velib-data-airflow/dags/velib_data_pipeline.py
[2025-08-17T14:25:03.723+0200] {logging_mixin.py:188} INFO - [2025-08-17T14:25:03.722+0200] {dag.py:3089} INFO - Sync 1 DAGs
[2025-08-17T14:25:03.741+0200] {logging_mixin.py:188} INFO - [2025-08-17T14:25:03.741+0200] {dag.py:3947} INFO - Setting next_dagrun for velib_data_pipeline to 2025-08-17 12:15:00+00:00, run_after=2025-08-17 12:30:00+00:00
[2025-08-17T14:25:03.767+0200] {processor.py:183} INFO - Processing /home/allisterkohn/Desktop/velib-data-airflow/dags/velib_data_pipeline.py took 0.082 seconds
[2025-08-17T14:25:34.367+0200] {processor.py:161} INFO - Started process (PID=48836) to work on /home/allisterkohn/Desktop/velib-data-airflow/dags/velib_data_pipeline.py
[2025-08-17T14:25:34.368+0200] {processor.py:830} INFO - Processing file /home/allisterkohn/Desktop/velib-data-airflow/dags/velib_data_pipeline.py for tasks to queue
[2025-08-17T14:25:34.370+0200] {logging_mixin.py:188} INFO - [2025-08-17T14:25:34.369+0200] {dagbag.py:545} INFO - Filling up the DagBag from /home/allisterkohn/Desktop/velib-data-airflow/dags/velib_data_pipeline.py
[2025-08-17T14:25:34.379+0200] {processor.py:840} INFO - DAG(s) 'velib_data_pipeline' retrieved from /home/allisterkohn/Desktop/velib-data-airflow/dags/velib_data_pipeline.py
[2025-08-17T14:25:34.398+0200] {logging_mixin.py:188} INFO - [2025-08-17T14:25:34.397+0200] {dag.py:3089} INFO - Sync 1 DAGs
[2025-08-17T14:25:34.418+0200] {logging_mixin.py:188} INFO - [2025-08-17T14:25:34.417+0200] {dag.py:3947} INFO - Setting next_dagrun for velib_data_pipeline to 2025-08-17 12:15:00+00:00, run_after=2025-08-17 12:30:00+00:00
[2025-08-17T14:25:34.448+0200] {processor.py:183} INFO - Processing /home/allisterkohn/Desktop/velib-data-airflow/dags/velib_data_pipeline.py took 0.088 seconds
[2025-08-17T14:26:04.754+0200] {processor.py:161} INFO - Started process (PID=49272) to work on /home/allisterkohn/Desktop/velib-data-airflow/dags/velib_data_pipeline.py
[2025-08-17T14:26:04.755+0200] {processor.py:830} INFO - Processing file /home/allisterkohn/Desktop/velib-data-airflow/dags/velib_data_pipeline.py for tasks to queue
[2025-08-17T14:26:04.756+0200] {logging_mixin.py:188} INFO - [2025-08-17T14:26:04.756+0200] {dagbag.py:545} INFO - Filling up the DagBag from /home/allisterkohn/Desktop/velib-data-airflow/dags/velib_data_pipeline.py
[2025-08-17T14:26:04.766+0200] {processor.py:840} INFO - DAG(s) 'velib_data_pipeline' retrieved from /home/allisterkohn/Desktop/velib-data-airflow/dags/velib_data_pipeline.py
[2025-08-17T14:26:04.784+0200] {logging_mixin.py:188} INFO - [2025-08-17T14:26:04.784+0200] {dag.py:3089} INFO - Sync 1 DAGs
[2025-08-17T14:26:04.801+0200] {logging_mixin.py:188} INFO - [2025-08-17T14:26:04.801+0200] {dag.py:3947} INFO - Setting next_dagrun for velib_data_pipeline to 2025-08-17 12:15:00+00:00, run_after=2025-08-17 12:30:00+00:00
[2025-08-17T14:26:04.823+0200] {processor.py:183} INFO - Processing /home/allisterkohn/Desktop/velib-data-airflow/dags/velib_data_pipeline.py took 0.076 seconds
[2025-08-17T14:26:35.082+0200] {processor.py:161} INFO - Started process (PID=49631) to work on /home/allisterkohn/Desktop/velib-data-airflow/dags/velib_data_pipeline.py
[2025-08-17T14:26:35.083+0200] {processor.py:830} INFO - Processing file /home/allisterkohn/Desktop/velib-data-airflow/dags/velib_data_pipeline.py for tasks to queue
[2025-08-17T14:26:35.085+0200] {logging_mixin.py:188} INFO - [2025-08-17T14:26:35.085+0200] {dagbag.py:545} INFO - Filling up the DagBag from /home/allisterkohn/Desktop/velib-data-airflow/dags/velib_data_pipeline.py
[2025-08-17T14:26:35.095+0200] {processor.py:840} INFO - DAG(s) 'velib_data_pipeline' retrieved from /home/allisterkohn/Desktop/velib-data-airflow/dags/velib_data_pipeline.py
[2025-08-17T14:26:35.113+0200] {logging_mixin.py:188} INFO - [2025-08-17T14:26:35.113+0200] {dag.py:3089} INFO - Sync 1 DAGs
[2025-08-17T14:26:35.130+0200] {logging_mixin.py:188} INFO - [2025-08-17T14:26:35.130+0200] {dag.py:3947} INFO - Setting next_dagrun for velib_data_pipeline to 2025-08-17 12:15:00+00:00, run_after=2025-08-17 12:30:00+00:00
[2025-08-17T14:26:35.154+0200] {processor.py:183} INFO - Processing /home/allisterkohn/Desktop/velib-data-airflow/dags/velib_data_pipeline.py took 0.078 seconds
[2025-08-17T14:27:05.452+0200] {processor.py:161} INFO - Started process (PID=50072) to work on /home/allisterkohn/Desktop/velib-data-airflow/dags/velib_data_pipeline.py
[2025-08-17T14:27:05.453+0200] {processor.py:830} INFO - Processing file /home/allisterkohn/Desktop/velib-data-airflow/dags/velib_data_pipeline.py for tasks to queue
[2025-08-17T14:27:05.455+0200] {logging_mixin.py:188} INFO - [2025-08-17T14:27:05.454+0200] {dagbag.py:545} INFO - Filling up the DagBag from /home/allisterkohn/Desktop/velib-data-airflow/dags/velib_data_pipeline.py
[2025-08-17T14:27:05.465+0200] {processor.py:840} INFO - DAG(s) 'velib_data_pipeline' retrieved from /home/allisterkohn/Desktop/velib-data-airflow/dags/velib_data_pipeline.py
[2025-08-17T14:27:05.487+0200] {logging_mixin.py:188} INFO - [2025-08-17T14:27:05.486+0200] {dag.py:3089} INFO - Sync 1 DAGs
[2025-08-17T14:27:05.509+0200] {logging_mixin.py:188} INFO - [2025-08-17T14:27:05.509+0200] {dag.py:3947} INFO - Setting next_dagrun for velib_data_pipeline to 2025-08-17 12:15:00+00:00, run_after=2025-08-17 12:30:00+00:00
[2025-08-17T14:27:05.538+0200] {processor.py:183} INFO - Processing /home/allisterkohn/Desktop/velib-data-airflow/dags/velib_data_pipeline.py took 0.092 seconds
[2025-08-17T14:27:36.393+0200] {processor.py:161} INFO - Started process (PID=50544) to work on /home/allisterkohn/Desktop/velib-data-airflow/dags/velib_data_pipeline.py
[2025-08-17T14:27:36.394+0200] {processor.py:830} INFO - Processing file /home/allisterkohn/Desktop/velib-data-airflow/dags/velib_data_pipeline.py for tasks to queue
[2025-08-17T14:27:36.396+0200] {logging_mixin.py:188} INFO - [2025-08-17T14:27:36.396+0200] {dagbag.py:545} INFO - Filling up the DagBag from /home/allisterkohn/Desktop/velib-data-airflow/dags/velib_data_pipeline.py
[2025-08-17T14:27:36.407+0200] {processor.py:840} INFO - DAG(s) 'velib_data_pipeline' retrieved from /home/allisterkohn/Desktop/velib-data-airflow/dags/velib_data_pipeline.py
[2025-08-17T14:27:36.430+0200] {logging_mixin.py:188} INFO - [2025-08-17T14:27:36.430+0200] {dag.py:3089} INFO - Sync 1 DAGs
[2025-08-17T14:27:36.453+0200] {logging_mixin.py:188} INFO - [2025-08-17T14:27:36.452+0200] {dag.py:3947} INFO - Setting next_dagrun for velib_data_pipeline to 2025-08-17 12:00:00+00:00, run_after=2025-08-17 12:15:00+00:00
[2025-08-17T14:27:36.478+0200] {processor.py:183} INFO - Processing /home/allisterkohn/Desktop/velib-data-airflow/dags/velib_data_pipeline.py took 0.092 seconds
[2025-08-17T14:28:07.242+0200] {processor.py:161} INFO - Started process (PID=51101) to work on /home/allisterkohn/Desktop/velib-data-airflow/dags/velib_data_pipeline.py
[2025-08-17T14:28:07.243+0200] {processor.py:830} INFO - Processing file /home/allisterkohn/Desktop/velib-data-airflow/dags/velib_data_pipeline.py for tasks to queue
[2025-08-17T14:28:07.245+0200] {logging_mixin.py:188} INFO - [2025-08-17T14:28:07.245+0200] {dagbag.py:545} INFO - Filling up the DagBag from /home/allisterkohn/Desktop/velib-data-airflow/dags/velib_data_pipeline.py
[2025-08-17T14:28:07.254+0200] {processor.py:840} INFO - DAG(s) 'velib_data_pipeline' retrieved from /home/allisterkohn/Desktop/velib-data-airflow/dags/velib_data_pipeline.py
[2025-08-17T14:28:07.272+0200] {logging_mixin.py:188} INFO - [2025-08-17T14:28:07.272+0200] {dag.py:3089} INFO - Sync 1 DAGs
[2025-08-17T14:28:07.291+0200] {logging_mixin.py:188} INFO - [2025-08-17T14:28:07.290+0200] {dag.py:3947} INFO - Setting next_dagrun for velib_data_pipeline to 2025-08-17 12:15:00+00:00, run_after=2025-08-17 12:30:00+00:00
[2025-08-17T14:28:07.312+0200] {processor.py:183} INFO - Processing /home/allisterkohn/Desktop/velib-data-airflow/dags/velib_data_pipeline.py took 0.075 seconds
[2025-08-17T14:28:37.508+0200] {processor.py:161} INFO - Started process (PID=51558) to work on /home/allisterkohn/Desktop/velib-data-airflow/dags/velib_data_pipeline.py
[2025-08-17T14:28:37.510+0200] {processor.py:830} INFO - Processing file /home/allisterkohn/Desktop/velib-data-airflow/dags/velib_data_pipeline.py for tasks to queue
[2025-08-17T14:28:37.512+0200] {logging_mixin.py:188} INFO - [2025-08-17T14:28:37.511+0200] {dagbag.py:545} INFO - Filling up the DagBag from /home/allisterkohn/Desktop/velib-data-airflow/dags/velib_data_pipeline.py
[2025-08-17T14:28:37.521+0200] {processor.py:840} INFO - DAG(s) 'velib_data_pipeline' retrieved from /home/allisterkohn/Desktop/velib-data-airflow/dags/velib_data_pipeline.py
[2025-08-17T14:28:37.540+0200] {logging_mixin.py:188} INFO - [2025-08-17T14:28:37.540+0200] {dag.py:3089} INFO - Sync 1 DAGs
[2025-08-17T14:28:37.558+0200] {logging_mixin.py:188} INFO - [2025-08-17T14:28:37.558+0200] {dag.py:3947} INFO - Setting next_dagrun for velib_data_pipeline to 2025-08-17 12:15:00+00:00, run_after=2025-08-17 12:30:00+00:00
[2025-08-17T14:28:37.581+0200] {processor.py:183} INFO - Processing /home/allisterkohn/Desktop/velib-data-airflow/dags/velib_data_pipeline.py took 0.078 seconds
[2025-08-17T14:29:07.804+0200] {processor.py:161} INFO - Started process (PID=51981) to work on /home/allisterkohn/Desktop/velib-data-airflow/dags/velib_data_pipeline.py
[2025-08-17T14:29:07.805+0200] {processor.py:830} INFO - Processing file /home/allisterkohn/Desktop/velib-data-airflow/dags/velib_data_pipeline.py for tasks to queue
[2025-08-17T14:29:07.807+0200] {logging_mixin.py:188} INFO - [2025-08-17T14:29:07.806+0200] {dagbag.py:545} INFO - Filling up the DagBag from /home/allisterkohn/Desktop/velib-data-airflow/dags/velib_data_pipeline.py
[2025-08-17T14:29:07.818+0200] {processor.py:840} INFO - DAG(s) 'velib_data_pipeline' retrieved from /home/allisterkohn/Desktop/velib-data-airflow/dags/velib_data_pipeline.py
[2025-08-17T14:29:07.837+0200] {logging_mixin.py:188} INFO - [2025-08-17T14:29:07.836+0200] {dag.py:3089} INFO - Sync 1 DAGs
[2025-08-17T14:29:07.854+0200] {logging_mixin.py:188} INFO - [2025-08-17T14:29:07.853+0200] {dag.py:3947} INFO - Setting next_dagrun for velib_data_pipeline to 2025-08-17 12:15:00+00:00, run_after=2025-08-17 12:30:00+00:00
[2025-08-17T14:29:07.904+0200] {processor.py:183} INFO - Processing /home/allisterkohn/Desktop/velib-data-airflow/dags/velib_data_pipeline.py took 0.106 seconds
[2025-08-17T14:29:38.122+0200] {processor.py:161} INFO - Started process (PID=52343) to work on /home/allisterkohn/Desktop/velib-data-airflow/dags/velib_data_pipeline.py
[2025-08-17T14:29:38.123+0200] {processor.py:830} INFO - Processing file /home/allisterkohn/Desktop/velib-data-airflow/dags/velib_data_pipeline.py for tasks to queue
[2025-08-17T14:29:38.124+0200] {logging_mixin.py:188} INFO - [2025-08-17T14:29:38.124+0200] {dagbag.py:545} INFO - Filling up the DagBag from /home/allisterkohn/Desktop/velib-data-airflow/dags/velib_data_pipeline.py
[2025-08-17T14:29:38.134+0200] {processor.py:840} INFO - DAG(s) 'velib_data_pipeline' retrieved from /home/allisterkohn/Desktop/velib-data-airflow/dags/velib_data_pipeline.py
[2025-08-17T14:29:38.153+0200] {logging_mixin.py:188} INFO - [2025-08-17T14:29:38.152+0200] {dag.py:3089} INFO - Sync 1 DAGs
[2025-08-17T14:29:38.170+0200] {logging_mixin.py:188} INFO - [2025-08-17T14:29:38.170+0200] {dag.py:3947} INFO - Setting next_dagrun for velib_data_pipeline to 2025-08-17 12:15:00+00:00, run_after=2025-08-17 12:30:00+00:00
[2025-08-17T14:29:38.192+0200] {processor.py:183} INFO - Processing /home/allisterkohn/Desktop/velib-data-airflow/dags/velib_data_pipeline.py took 0.076 seconds
[2025-08-17T14:30:09.191+0200] {processor.py:161} INFO - Started process (PID=52848) to work on /home/allisterkohn/Desktop/velib-data-airflow/dags/velib_data_pipeline.py
[2025-08-17T14:30:09.193+0200] {processor.py:830} INFO - Processing file /home/allisterkohn/Desktop/velib-data-airflow/dags/velib_data_pipeline.py for tasks to queue
[2025-08-17T14:30:09.196+0200] {logging_mixin.py:188} INFO - [2025-08-17T14:30:09.195+0200] {dagbag.py:545} INFO - Filling up the DagBag from /home/allisterkohn/Desktop/velib-data-airflow/dags/velib_data_pipeline.py
[2025-08-17T14:30:09.208+0200] {processor.py:840} INFO - DAG(s) 'velib_data_pipeline' retrieved from /home/allisterkohn/Desktop/velib-data-airflow/dags/velib_data_pipeline.py
[2025-08-17T14:30:09.230+0200] {logging_mixin.py:188} INFO - [2025-08-17T14:30:09.230+0200] {dag.py:3089} INFO - Sync 1 DAGs
[2025-08-17T14:30:09.252+0200] {logging_mixin.py:188} INFO - [2025-08-17T14:30:09.252+0200] {dag.py:3947} INFO - Setting next_dagrun for velib_data_pipeline to 2025-08-17 12:30:00+00:00, run_after=2025-08-17 12:45:00+00:00
[2025-08-17T14:30:09.289+0200] {processor.py:183} INFO - Processing /home/allisterkohn/Desktop/velib-data-airflow/dags/velib_data_pipeline.py took 0.104 seconds
[2025-08-17T14:30:39.581+0200] {processor.py:161} INFO - Started process (PID=53399) to work on /home/allisterkohn/Desktop/velib-data-airflow/dags/velib_data_pipeline.py
[2025-08-17T14:30:39.583+0200] {processor.py:830} INFO - Processing file /home/allisterkohn/Desktop/velib-data-airflow/dags/velib_data_pipeline.py for tasks to queue
[2025-08-17T14:30:39.584+0200] {logging_mixin.py:188} INFO - [2025-08-17T14:30:39.584+0200] {dagbag.py:545} INFO - Filling up the DagBag from /home/allisterkohn/Desktop/velib-data-airflow/dags/velib_data_pipeline.py
[2025-08-17T14:30:39.596+0200] {processor.py:840} INFO - DAG(s) 'velib_data_pipeline' retrieved from /home/allisterkohn/Desktop/velib-data-airflow/dags/velib_data_pipeline.py
[2025-08-17T14:30:39.619+0200] {logging_mixin.py:188} INFO - [2025-08-17T14:30:39.619+0200] {dag.py:3089} INFO - Sync 1 DAGs
[2025-08-17T14:30:39.638+0200] {logging_mixin.py:188} INFO - [2025-08-17T14:30:39.638+0200] {dag.py:3947} INFO - Setting next_dagrun for velib_data_pipeline to 2025-08-17 12:30:00+00:00, run_after=2025-08-17 12:45:00+00:00
[2025-08-17T14:30:39.665+0200] {processor.py:183} INFO - Processing /home/allisterkohn/Desktop/velib-data-airflow/dags/velib_data_pipeline.py took 0.090 seconds
[2025-08-17T14:31:09.887+0200] {processor.py:161} INFO - Started process (PID=54228) to work on /home/allisterkohn/Desktop/velib-data-airflow/dags/velib_data_pipeline.py
[2025-08-17T14:31:09.889+0200] {processor.py:830} INFO - Processing file /home/allisterkohn/Desktop/velib-data-airflow/dags/velib_data_pipeline.py for tasks to queue
[2025-08-17T14:31:09.892+0200] {logging_mixin.py:188} INFO - [2025-08-17T14:31:09.891+0200] {dagbag.py:545} INFO - Filling up the DagBag from /home/allisterkohn/Desktop/velib-data-airflow/dags/velib_data_pipeline.py
[2025-08-17T14:31:09.907+0200] {processor.py:840} INFO - DAG(s) 'velib_data_pipeline' retrieved from /home/allisterkohn/Desktop/velib-data-airflow/dags/velib_data_pipeline.py
[2025-08-17T14:31:09.935+0200] {logging_mixin.py:188} INFO - [2025-08-17T14:31:09.935+0200] {dag.py:3089} INFO - Sync 1 DAGs
[2025-08-17T14:31:09.962+0200] {logging_mixin.py:188} INFO - [2025-08-17T14:31:09.961+0200] {dag.py:3947} INFO - Setting next_dagrun for velib_data_pipeline to 2025-08-17 12:30:00+00:00, run_after=2025-08-17 12:45:00+00:00
[2025-08-17T14:31:10.021+0200] {processor.py:183} INFO - Processing /home/allisterkohn/Desktop/velib-data-airflow/dags/velib_data_pipeline.py took 0.143 seconds
[2025-08-17T14:31:40.616+0200] {processor.py:161} INFO - Started process (PID=54937) to work on /home/allisterkohn/Desktop/velib-data-airflow/dags/velib_data_pipeline.py
[2025-08-17T14:31:40.617+0200] {processor.py:830} INFO - Processing file /home/allisterkohn/Desktop/velib-data-airflow/dags/velib_data_pipeline.py for tasks to queue
[2025-08-17T14:31:40.618+0200] {logging_mixin.py:188} INFO - [2025-08-17T14:31:40.618+0200] {dagbag.py:545} INFO - Filling up the DagBag from /home/allisterkohn/Desktop/velib-data-airflow/dags/velib_data_pipeline.py
[2025-08-17T14:31:40.629+0200] {processor.py:840} INFO - DAG(s) 'velib_data_pipeline' retrieved from /home/allisterkohn/Desktop/velib-data-airflow/dags/velib_data_pipeline.py
[2025-08-17T14:31:40.655+0200] {logging_mixin.py:188} INFO - [2025-08-17T14:31:40.655+0200] {dag.py:3089} INFO - Sync 1 DAGs
[2025-08-17T14:31:40.673+0200] {logging_mixin.py:188} INFO - [2025-08-17T14:31:40.672+0200] {dag.py:3947} INFO - Setting next_dagrun for velib_data_pipeline to 2025-08-17 12:30:00+00:00, run_after=2025-08-17 12:45:00+00:00
[2025-08-17T14:31:40.706+0200] {processor.py:183} INFO - Processing /home/allisterkohn/Desktop/velib-data-airflow/dags/velib_data_pipeline.py took 0.096 seconds
[2025-08-17T14:32:11.588+0200] {processor.py:161} INFO - Started process (PID=55335) to work on /home/allisterkohn/Desktop/velib-data-airflow/dags/velib_data_pipeline.py
[2025-08-17T14:32:11.590+0200] {processor.py:830} INFO - Processing file /home/allisterkohn/Desktop/velib-data-airflow/dags/velib_data_pipeline.py for tasks to queue
[2025-08-17T14:32:11.591+0200] {logging_mixin.py:188} INFO - [2025-08-17T14:32:11.591+0200] {dagbag.py:545} INFO - Filling up the DagBag from /home/allisterkohn/Desktop/velib-data-airflow/dags/velib_data_pipeline.py
[2025-08-17T14:32:11.601+0200] {processor.py:840} INFO - DAG(s) 'velib_data_pipeline' retrieved from /home/allisterkohn/Desktop/velib-data-airflow/dags/velib_data_pipeline.py
[2025-08-17T14:32:11.619+0200] {logging_mixin.py:188} INFO - [2025-08-17T14:32:11.619+0200] {dag.py:3089} INFO - Sync 1 DAGs
[2025-08-17T14:32:11.638+0200] {logging_mixin.py:188} INFO - [2025-08-17T14:32:11.638+0200] {dag.py:3947} INFO - Setting next_dagrun for velib_data_pipeline to 2025-08-17 12:30:00+00:00, run_after=2025-08-17 12:45:00+00:00
[2025-08-17T14:32:11.663+0200] {processor.py:183} INFO - Processing /home/allisterkohn/Desktop/velib-data-airflow/dags/velib_data_pipeline.py took 0.080 seconds
[2025-08-17T14:32:41.874+0200] {processor.py:161} INFO - Started process (PID=55871) to work on /home/allisterkohn/Desktop/velib-data-airflow/dags/velib_data_pipeline.py
[2025-08-17T14:32:41.875+0200] {processor.py:830} INFO - Processing file /home/allisterkohn/Desktop/velib-data-airflow/dags/velib_data_pipeline.py for tasks to queue
[2025-08-17T14:32:41.878+0200] {logging_mixin.py:188} INFO - [2025-08-17T14:32:41.877+0200] {dagbag.py:545} INFO - Filling up the DagBag from /home/allisterkohn/Desktop/velib-data-airflow/dags/velib_data_pipeline.py
[2025-08-17T14:32:41.890+0200] {processor.py:840} INFO - DAG(s) 'velib_data_pipeline' retrieved from /home/allisterkohn/Desktop/velib-data-airflow/dags/velib_data_pipeline.py
[2025-08-17T14:32:41.912+0200] {logging_mixin.py:188} INFO - [2025-08-17T14:32:41.911+0200] {dag.py:3089} INFO - Sync 1 DAGs
[2025-08-17T14:32:41.937+0200] {logging_mixin.py:188} INFO - [2025-08-17T14:32:41.937+0200] {dag.py:3947} INFO - Setting next_dagrun for velib_data_pipeline to 2025-08-17 12:30:00+00:00, run_after=2025-08-17 12:45:00+00:00
[2025-08-17T14:32:41.969+0200] {processor.py:183} INFO - Processing /home/allisterkohn/Desktop/velib-data-airflow/dags/velib_data_pipeline.py took 0.102 seconds
[2025-08-17T14:33:12.181+0200] {processor.py:161} INFO - Started process (PID=56379) to work on /home/allisterkohn/Desktop/velib-data-airflow/dags/velib_data_pipeline.py
[2025-08-17T14:33:12.182+0200] {processor.py:830} INFO - Processing file /home/allisterkohn/Desktop/velib-data-airflow/dags/velib_data_pipeline.py for tasks to queue
[2025-08-17T14:33:12.184+0200] {logging_mixin.py:188} INFO - [2025-08-17T14:33:12.184+0200] {dagbag.py:545} INFO - Filling up the DagBag from /home/allisterkohn/Desktop/velib-data-airflow/dags/velib_data_pipeline.py
[2025-08-17T14:33:12.194+0200] {processor.py:840} INFO - DAG(s) 'velib_data_pipeline' retrieved from /home/allisterkohn/Desktop/velib-data-airflow/dags/velib_data_pipeline.py
[2025-08-17T14:33:12.213+0200] {logging_mixin.py:188} INFO - [2025-08-17T14:33:12.213+0200] {dag.py:3089} INFO - Sync 1 DAGs
[2025-08-17T14:33:12.232+0200] {logging_mixin.py:188} INFO - [2025-08-17T14:33:12.232+0200] {dag.py:3947} INFO - Setting next_dagrun for velib_data_pipeline to 2025-08-17 12:30:00+00:00, run_after=2025-08-17 12:45:00+00:00
[2025-08-17T14:33:12.258+0200] {processor.py:183} INFO - Processing /home/allisterkohn/Desktop/velib-data-airflow/dags/velib_data_pipeline.py took 0.082 seconds
[2025-08-17T14:33:42.458+0200] {processor.py:161} INFO - Started process (PID=56908) to work on /home/allisterkohn/Desktop/velib-data-airflow/dags/velib_data_pipeline.py
[2025-08-17T14:33:42.459+0200] {processor.py:830} INFO - Processing file /home/allisterkohn/Desktop/velib-data-airflow/dags/velib_data_pipeline.py for tasks to queue
[2025-08-17T14:33:42.461+0200] {logging_mixin.py:188} INFO - [2025-08-17T14:33:42.461+0200] {dagbag.py:545} INFO - Filling up the DagBag from /home/allisterkohn/Desktop/velib-data-airflow/dags/velib_data_pipeline.py
[2025-08-17T14:33:42.471+0200] {processor.py:840} INFO - DAG(s) 'velib_data_pipeline' retrieved from /home/allisterkohn/Desktop/velib-data-airflow/dags/velib_data_pipeline.py
[2025-08-17T14:33:42.489+0200] {logging_mixin.py:188} INFO - [2025-08-17T14:33:42.489+0200] {dag.py:3089} INFO - Sync 1 DAGs
[2025-08-17T14:33:42.506+0200] {logging_mixin.py:188} INFO - [2025-08-17T14:33:42.506+0200] {dag.py:3947} INFO - Setting next_dagrun for velib_data_pipeline to 2025-08-17 12:30:00+00:00, run_after=2025-08-17 12:45:00+00:00
[2025-08-17T14:33:42.545+0200] {processor.py:183} INFO - Processing /home/allisterkohn/Desktop/velib-data-airflow/dags/velib_data_pipeline.py took 0.092 seconds
[2025-08-17T14:34:12.735+0200] {processor.py:161} INFO - Started process (PID=57389) to work on /home/allisterkohn/Desktop/velib-data-airflow/dags/velib_data_pipeline.py
[2025-08-17T14:34:12.736+0200] {processor.py:830} INFO - Processing file /home/allisterkohn/Desktop/velib-data-airflow/dags/velib_data_pipeline.py for tasks to queue
[2025-08-17T14:34:12.737+0200] {logging_mixin.py:188} INFO - [2025-08-17T14:34:12.737+0200] {dagbag.py:545} INFO - Filling up the DagBag from /home/allisterkohn/Desktop/velib-data-airflow/dags/velib_data_pipeline.py
[2025-08-17T14:34:12.748+0200] {processor.py:840} INFO - DAG(s) 'velib_data_pipeline' retrieved from /home/allisterkohn/Desktop/velib-data-airflow/dags/velib_data_pipeline.py
[2025-08-17T14:34:12.768+0200] {logging_mixin.py:188} INFO - [2025-08-17T14:34:12.768+0200] {dag.py:3089} INFO - Sync 1 DAGs
[2025-08-17T14:34:12.786+0200] {logging_mixin.py:188} INFO - [2025-08-17T14:34:12.786+0200] {dag.py:3947} INFO - Setting next_dagrun for velib_data_pipeline to 2025-08-17 12:30:00+00:00, run_after=2025-08-17 12:45:00+00:00
[2025-08-17T14:34:12.810+0200] {processor.py:183} INFO - Processing /home/allisterkohn/Desktop/velib-data-airflow/dags/velib_data_pipeline.py took 0.081 seconds
[2025-08-17T14:34:43.011+0200] {processor.py:161} INFO - Started process (PID=58025) to work on /home/allisterkohn/Desktop/velib-data-airflow/dags/velib_data_pipeline.py
[2025-08-17T14:34:43.012+0200] {processor.py:830} INFO - Processing file /home/allisterkohn/Desktop/velib-data-airflow/dags/velib_data_pipeline.py for tasks to queue
[2025-08-17T14:34:43.013+0200] {logging_mixin.py:188} INFO - [2025-08-17T14:34:43.013+0200] {dagbag.py:545} INFO - Filling up the DagBag from /home/allisterkohn/Desktop/velib-data-airflow/dags/velib_data_pipeline.py
[2025-08-17T14:34:43.023+0200] {processor.py:840} INFO - DAG(s) 'velib_data_pipeline' retrieved from /home/allisterkohn/Desktop/velib-data-airflow/dags/velib_data_pipeline.py
[2025-08-17T14:34:43.041+0200] {logging_mixin.py:188} INFO - [2025-08-17T14:34:43.041+0200] {dag.py:3089} INFO - Sync 1 DAGs
[2025-08-17T14:34:43.058+0200] {logging_mixin.py:188} INFO - [2025-08-17T14:34:43.058+0200] {dag.py:3947} INFO - Setting next_dagrun for velib_data_pipeline to 2025-08-17 12:30:00+00:00, run_after=2025-08-17 12:45:00+00:00
[2025-08-17T14:34:43.084+0200] {processor.py:183} INFO - Processing /home/allisterkohn/Desktop/velib-data-airflow/dags/velib_data_pipeline.py took 0.079 seconds
[2025-08-17T14:35:13.277+0200] {processor.py:161} INFO - Started process (PID=58453) to work on /home/allisterkohn/Desktop/velib-data-airflow/dags/velib_data_pipeline.py
[2025-08-17T14:35:13.278+0200] {processor.py:830} INFO - Processing file /home/allisterkohn/Desktop/velib-data-airflow/dags/velib_data_pipeline.py for tasks to queue
[2025-08-17T14:35:13.280+0200] {logging_mixin.py:188} INFO - [2025-08-17T14:35:13.280+0200] {dagbag.py:545} INFO - Filling up the DagBag from /home/allisterkohn/Desktop/velib-data-airflow/dags/velib_data_pipeline.py
[2025-08-17T14:35:13.290+0200] {processor.py:840} INFO - DAG(s) 'velib_data_pipeline' retrieved from /home/allisterkohn/Desktop/velib-data-airflow/dags/velib_data_pipeline.py
[2025-08-17T14:35:13.308+0200] {logging_mixin.py:188} INFO - [2025-08-17T14:35:13.307+0200] {dag.py:3089} INFO - Sync 1 DAGs
[2025-08-17T14:35:13.325+0200] {logging_mixin.py:188} INFO - [2025-08-17T14:35:13.325+0200] {dag.py:3947} INFO - Setting next_dagrun for velib_data_pipeline to 2025-08-17 12:30:00+00:00, run_after=2025-08-17 12:45:00+00:00
[2025-08-17T14:35:13.415+0200] {processor.py:183} INFO - Processing /home/allisterkohn/Desktop/velib-data-airflow/dags/velib_data_pipeline.py took 0.144 seconds
