[2025-08-17T14:30:06.979+0200] {local_task_job_runner.py:120} INFO - ::group::Pre task execution logs
[2025-08-17T14:30:07.001+0200] {taskinstance.py:2076} INFO - Dependencies all met for dep_context=non-requeueable deps ti=<TaskInstance: velib_data_pipeline.enrich_station_info_data scheduled__2025-08-17T12:15:00+00:00 [queued]>
[2025-08-17T14:30:07.007+0200] {taskinstance.py:2076} INFO - Dependencies all met for dep_context=requeueable deps ti=<TaskInstance: velib_data_pipeline.enrich_station_info_data scheduled__2025-08-17T12:15:00+00:00 [queued]>
[2025-08-17T14:30:07.008+0200] {taskinstance.py:2306} INFO - Starting attempt 1 of 2
[2025-08-17T14:30:07.035+0200] {taskinstance.py:2330} INFO - Executing <Task(BashOperator): enrich_station_info_data> on 2025-08-17 12:15:00+00:00
[2025-08-17T14:30:07.038+0200] {standard_task_runner.py:64} INFO - Started process 52811 to run task
[2025-08-17T14:30:07.043+0200] {standard_task_runner.py:90} INFO - Running: ['airflow', 'tasks', 'run', 'velib_data_pipeline', 'enrich_station_info_data', 'scheduled__2025-08-17T12:15:00+00:00', '--job-id', '16', '--raw', '--subdir', 'DAGS_FOLDER/velib_data_pipeline.py', '--cfg-path', '/tmp/tmplfdi1a7k']
[2025-08-17T14:30:07.045+0200] {standard_task_runner.py:91} INFO - Job 16: Subtask enrich_station_info_data
[2025-08-17T14:30:07.091+0200] {task_command.py:426} INFO - Running <TaskInstance: velib_data_pipeline.enrich_station_info_data scheduled__2025-08-17T12:15:00+00:00 [running]> on host raspberrypi
[2025-08-17T14:30:07.183+0200] {taskinstance.py:2648} INFO - Exporting env vars: AIRFLOW_CTX_DAG_OWNER='Allister Kohn' AIRFLOW_CTX_DAG_ID='velib_data_pipeline' AIRFLOW_CTX_TASK_ID='enrich_station_info_data' AIRFLOW_CTX_EXECUTION_DATE='2025-08-17T12:15:00+00:00' AIRFLOW_CTX_TRY_NUMBER='1' AIRFLOW_CTX_DAG_RUN_ID='scheduled__2025-08-17T12:15:00+00:00'
[2025-08-17T14:30:07.183+0200] {taskinstance.py:430} INFO - ::endgroup::
[2025-08-17T14:30:07.201+0200] {subprocess.py:63} INFO - Tmp dir root location: /tmp
[2025-08-17T14:30:07.201+0200] {subprocess.py:75} INFO - Running command: ['/usr/bin/bash', '-c', '/home/allisterkohn/.pyenv/versions/velib_env/bin/python src/enrich_velib_station_info.py']
[2025-08-17T14:30:07.209+0200] {subprocess.py:86} INFO - Output:
[2025-08-17T14:30:07.781+0200] {subprocess.py:93} INFO - 2025-08-17 14:30:07,781 - INFO - Geodata found in /home/allisterkohn/Desktop/velib-data-airflow/data/others
[2025-08-17T14:30:08.017+0200] {subprocess.py:93} INFO - 2025-08-17 14:30:08,017 - WARNING - Skipping field reg_code: unsupported OGR type: 5
[2025-08-17T14:30:08.018+0200] {subprocess.py:93} INFO - 2025-08-17 14:30:08,017 - WARNING - Skipping field reg_name: unsupported OGR type: 5
[2025-08-17T14:30:08.018+0200] {subprocess.py:93} INFO - 2025-08-17 14:30:08,017 - WARNING - Skipping field dep_code: unsupported OGR type: 5
[2025-08-17T14:30:08.018+0200] {subprocess.py:93} INFO - 2025-08-17 14:30:08,017 - WARNING - Skipping field dep_name: unsupported OGR type: 5
[2025-08-17T14:30:08.018+0200] {subprocess.py:93} INFO - 2025-08-17 14:30:08,017 - WARNING - Skipping field arrdep_code: unsupported OGR type: 5
[2025-08-17T14:30:08.018+0200] {subprocess.py:93} INFO - 2025-08-17 14:30:08,017 - WARNING - Skipping field arrdep_name: unsupported OGR type: 5
[2025-08-17T14:30:08.018+0200] {subprocess.py:93} INFO - 2025-08-17 14:30:08,017 - WARNING - Skipping field ze2020_code: unsupported OGR type: 5
[2025-08-17T14:30:08.018+0200] {subprocess.py:93} INFO - 2025-08-17 14:30:08,017 - WARNING - Skipping field ze2020_name: unsupported OGR type: 5
[2025-08-17T14:30:08.018+0200] {subprocess.py:93} INFO - 2025-08-17 14:30:08,017 - WARNING - Skipping field bv2022_code: unsupported OGR type: 5
[2025-08-17T14:30:08.018+0200] {subprocess.py:93} INFO - 2025-08-17 14:30:08,018 - WARNING - Skipping field bv2022_name: unsupported OGR type: 5
[2025-08-17T14:30:08.018+0200] {subprocess.py:93} INFO - 2025-08-17 14:30:08,018 - WARNING - Skipping field epci_code: unsupported OGR type: 5
[2025-08-17T14:30:08.019+0200] {subprocess.py:93} INFO - 2025-08-17 14:30:08,018 - WARNING - Skipping field epci_name: unsupported OGR type: 5
[2025-08-17T14:30:08.019+0200] {subprocess.py:93} INFO - 2025-08-17 14:30:08,018 - WARNING - Skipping field ept_code: unsupported OGR type: 5
[2025-08-17T14:30:08.019+0200] {subprocess.py:93} INFO - 2025-08-17 14:30:08,018 - WARNING - Skipping field ept_name: unsupported OGR type: 5
[2025-08-17T14:30:08.019+0200] {subprocess.py:93} INFO - 2025-08-17 14:30:08,018 - WARNING - Skipping field com_code: unsupported OGR type: 5
[2025-08-17T14:30:08.019+0200] {subprocess.py:93} INFO - 2025-08-17 14:30:08,018 - WARNING - Skipping field com_current_code: unsupported OGR type: 5
[2025-08-17T14:30:08.019+0200] {subprocess.py:93} INFO - 2025-08-17 14:30:08,018 - WARNING - Skipping field com_name: unsupported OGR type: 5
[2025-08-17T14:30:08.560+0200] {subprocess.py:97} INFO - Command exited with return code 0
[2025-08-17T14:30:08.560+0200] {taskinstance.py:441} INFO - ::group::Post task execution logs
[2025-08-17T14:30:08.583+0200] {taskinstance.py:1206} INFO - Marking task as SUCCESS. dag_id=velib_data_pipeline, task_id=enrich_station_info_data, run_id=scheduled__2025-08-17T12:15:00+00:00, execution_date=20250817T121500, start_date=20250817T123007, end_date=20250817T123008
[2025-08-17T14:30:08.629+0200] {local_task_job_runner.py:243} INFO - Task exited with return code 0
[2025-08-17T14:30:08.637+0200] {taskinstance.py:3503} INFO - 0 downstream tasks scheduled from follow-on schedule check
[2025-08-17T14:30:08.638+0200] {local_task_job_runner.py:222} INFO - ::endgroup::
